TN:
SF:src\index.ts
FN:53,(anonymous_1)
FNF:1
FNH:0
FNDA:0,(anonymous_1)
DA:1,4
DA:2,4
DA:3,4
DA:5,4
DA:6,4
DA:7,4
DA:8,4
DA:10,4
DA:11,4
DA:12,4
DA:14,4
DA:15,4
DA:16,4
DA:18,4
DA:19,4
DA:21,4
DA:25,4
DA:26,4
DA:28,4
DA:29,4
DA:30,4
DA:31,4
DA:32,4
DA:35,4
DA:36,0
DA:41,4
DA:42,4
DA:43,4
DA:44,4
DA:45,4
DA:46,4
DA:48,4
DA:51,4
DA:52,0
DA:53,0
DA:54,0
DA:58,4
LF:37
LH:33
BRDA:35,0,0,0
BRDA:35,0,1,4
BRDA:51,1,0,0
BRDA:51,1,1,4
BRDA:52,2,0,0
BRDA:52,2,1,0
BRF:6
BRH:2
end_of_record
TN:
SF:src\prisma.ts
FNF:0
FNH:0
DA:1,4
DA:3,4
DA:4,4
LF:3
LH:3
BRF:0
BRH:0
end_of_record
TN:
SF:src\swagger.ts
FN:16,setupSwagger
FNF:1
FNH:0
FNDA:0,setupSwagger
DA:1,4
DA:2,4
DA:5,4
DA:16,4
DA:17,0
DA:18,0
LF:6
LH:4
BRF:0
BRH:0
end_of_record
TN:
SF:src\controllers\analyticsController.ts
FN:10,getAnalyticsData
FNF:1
FNH:1
FNDA:1,getAnalyticsData
DA:4,4
DA:5,4
DA:6,4
DA:10,4
DA:11,1
DA:13,1
DA:14,1
DA:15,1
DA:16,0
DA:19,1
DA:20,1
DA:21,0
DA:23,1
DA:24,0
DA:26,1
DA:27,0
DA:29,1
DA:30,1
DA:31,0
DA:32,0
DA:33,0
DA:34,0
DA:36,1
DA:38,0
DA:39,0
LF:25
LH:15
BRDA:15,0,0,0
BRDA:15,0,1,1
BRDA:15,1,0,1
BRDA:15,1,1,0
BRDA:20,2,0,0
BRDA:20,2,1,1
BRDA:20,3,0,1
BRDA:20,3,1,0
BRDA:23,4,0,0
BRDA:23,4,1,1
BRDA:23,5,0,1
BRDA:23,5,1,0
BRDA:26,6,0,0
BRDA:26,6,1,1
BRDA:26,7,0,1
BRDA:26,7,1,1
BRDA:30,8,0,0
BRDA:30,8,1,1
BRF:18
BRH:10
end_of_record
TN:
SF:src\controllers\auditController.ts
FN:8,getAudit
FNF:1
FNH:1
FNDA:1,getAudit
DA:3,4
DA:4,4
DA:8,4
DA:9,1
DA:10,1
DA:11,1
DA:13,0
DA:14,0
LF:8
LH:6
BRF:0
BRH:0
end_of_record
TN:
SF:src\controllers\eventController.ts
FN:9,getEvents
FN:23,addEvent
FNF:2
FNH:1
FNDA:1,getEvents
FNDA:0,addEvent
DA:4,4
DA:5,4
DA:6,4
DA:9,4
DA:10,1
DA:11,1
DA:12,1
DA:13,1
DA:14,1
DA:15,1
DA:17,0
DA:18,0
DA:23,4
DA:24,0
DA:25,0
DA:26,0
DA:27,0
DA:28,0
DA:30,0
DA:31,0
DA:33,0
DA:34,0
LF:22
LH:11
BRDA:11,0,0,1
BRDA:11,0,1,1
BRDA:12,1,0,1
BRDA:12,1,1,1
BRDA:26,2,0,0
BRDA:26,2,1,0
BRF:6
BRH:4
end_of_record
TN:
SF:src\controllers\userController.ts
FN:8,getUsers
FNF:1
FNH:1
FNDA:1,getUsers
DA:3,4
DA:4,4
DA:8,4
DA:9,1
DA:10,1
DA:11,1
DA:13,0
DA:14,0
LF:8
LH:6
BRF:0
BRH:0
end_of_record
TN:
SF:src\middleware\auditLogger.ts
FN:5,auditLogger
FNF:1
FNH:1
FNDA:8,auditLogger
DA:1,4
DA:5,4
DA:7,8
DA:13,8
LF:4
LH:4
BRF:0
BRH:0
end_of_record
TN:
SF:src\middleware\auth.ts
FN:7,authenticateJWT
FN:11,(anonymous_2)
FNF:2
FNH:2
FNDA:4,authenticateJWT
FNDA:4,(anonymous_2)
DA:2,4
DA:7,4
DA:8,4
DA:9,4
DA:10,4
DA:11,4
DA:12,4
DA:13,0
DA:15,4
DA:16,4
DA:20,4
DA:23,0
LF:12
LH:10
BRDA:9,0,0,4
BRDA:9,0,1,0
BRDA:12,1,0,0
BRDA:12,1,1,4
BRDA:15,2,0,4
BRDA:15,2,1,0
BRDA:15,3,0,4
BRDA:15,3,1,4
BRDA:18,4,0,4
BRDA:18,4,1,0
BRF:10
BRH:6
end_of_record
TN:
SF:src\middleware\cors.ts
FNF:0
FNH:0
DA:1,4
DA:3,4
LF:2
LH:2
BRF:0
BRH:0
end_of_record
TN:
SF:src\middleware\i18n.ts
FN:17,(anonymous_1)
FNF:1
FNH:1
FNDA:8,(anonymous_1)
DA:1,4
DA:2,4
DA:3,4
DA:4,4
DA:7,4
DA:8,0
DA:17,8
DA:19,4
LF:8
LH:7
BRDA:7,0,0,0
BRDA:7,0,1,4
BRDA:19,1,0,4
BRDA:19,1,1,0
BRF:4
BRH:2
end_of_record
TN:
SF:src\middleware\rbac.ts
FN:4,authorizeRoles
FN:5,(anonymous_1)
FN:14,requireRole
FN:15,(anonymous_3)
FNF:4
FNH:2
FNDA:20,authorizeRoles
FNDA:4,(anonymous_1)
FNDA:0,requireRole
FNDA:0,(anonymous_3)
DA:4,4
DA:5,20
DA:6,4
DA:7,4
DA:8,0
DA:10,4
DA:14,4
DA:15,0
DA:16,0
DA:17,0
DA:18,0
DA:20,0
LF:12
LH:6
BRDA:7,0,0,0
BRDA:7,0,1,4
BRDA:7,1,0,4
BRDA:7,1,1,4
BRDA:17,2,0,0
BRDA:17,2,1,0
BRDA:17,3,0,0
BRDA:17,3,1,0
BRF:8
BRH:3
end_of_record
TN:
SF:src\middleware\security.ts
FN:15,require2FA
FNF:1
FNH:0
FNDA:0,require2FA
DA:1,4
DA:2,4
DA:5,4
DA:7,4
DA:15,4
DA:17,0
LF:6
LH:5
BRF:0
BRH:0
end_of_record
TN:
SF:src\models\analyticsModel.ts
FN:5,getAnalytics
FNF:1
FNH:1
FNDA:1,getAnalytics
DA:2,4
DA:5,4
DA:6,1
LF:3
LH:3
BRDA:5,0,0,0
BRF:1
BRH:0
end_of_record
TN:
SF:src\models\auditModel.ts
FN:4,getAuditLogs
FNF:1
FNH:1
FNDA:1,getAuditLogs
DA:2,4
DA:4,4
DA:5,1
LF:3
LH:3
BRF:0
BRH:0
end_of_record
TN:
SF:src\models\eventModel.ts
FN:5,getAllEvents
FN:14,createEvent
FNF:2
FNH:1
FNDA:1,getAllEvents
FNDA:0,createEvent
DA:2,4
DA:5,4
DA:6,1
DA:14,4
DA:15,0
DA:16,0
LF:6
LH:4
BRDA:5,0,0,0
BRDA:5,1,0,0
BRDA:5,2,0,0
BRF:3
BRH:0
end_of_record
TN:
SF:src\models\userModel.ts
FN:4,getAllUsers
FN:12,getAllUserSummaries
FN:18,getUserByUsername
FNF:3
FNH:1
FNDA:1,getAllUsers
FNDA:0,getAllUserSummaries
FNDA:0,getUserByUsername
DA:2,4
DA:4,4
DA:5,1
DA:12,4
DA:13,0
DA:18,4
DA:19,0
LF:7
LH:5
BRDA:4,0,0,1
BRDA:4,1,0,1
BRDA:4,2,0,1
BRF:3
BRH:3
end_of_record
TN:
SF:src\poseidon\agent-collaboration.ts
FN:12,(anonymous_0)
FN:18,(anonymous_1)
FN:29,(anonymous_2)
FN:31,(anonymous_3)
FN:33,(anonymous_4)
FN:39,(anonymous_5)
FNF:6
FNH:6
FNDA:1,(anonymous_0)
FNDA:1,(anonymous_1)
FNDA:1,(anonymous_2)
FNDA:2,(anonymous_3)
FNDA:2,(anonymous_4)
FNDA:1,(anonymous_5)
DA:8,1
DA:13,1
DA:14,1
DA:19,1
DA:20,1
DA:21,2
DA:22,2
DA:23,2
DA:25,1
DA:30,1
DA:32,2
DA:33,2
DA:40,1
DA:41,2
DA:42,2
LF:15
LH:15
BRDA:41,0,0,2
BRDA:41,0,1,0
BRF:2
BRH:1
end_of_record
TN:
SF:src\poseidon\agent.ts
FN:15,(anonymous_0)
FN:24,(anonymous_1)
FN:30,(anonymous_2)
FN:35,(anonymous_3)
FNF:4
FNH:2
FNDA:6,(anonymous_0)
FNDA:8,(anonymous_1)
FNDA:0,(anonymous_2)
FNDA:0,(anonymous_3)
DA:2,9
DA:3,9
DA:4,9
DA:5,9
DA:6,9
DA:9,9
DA:16,6
DA:17,6
DA:18,6
DA:19,6
DA:20,6
DA:25,8
DA:26,8
DA:31,0
DA:36,0
LF:15
LH:13
BRDA:30,0,0,0
BRF:1
BRH:0
end_of_record
TN:
SF:src\poseidon\ai-integrations.ts
FN:5,generate3DAsset
FN:13,runLLM
FN:24,synthesizeVoice
FN:32,translateText
FN:42,moderateText
FNF:5
FNH:0
FNDA:0,generate3DAsset
FNDA:0,runLLM
FNDA:0,synthesizeVoice
FNDA:0,translateText
FNDA:0,moderateText
DA:3,5
DA:5,5
DA:6,0
DA:7,0
DA:8,0
DA:9,0
DA:10,0
DA:13,5
DA:14,0
DA:15,0
DA:16,0
DA:17,0
DA:21,0
DA:24,5
DA:25,0
DA:26,0
DA:27,0
DA:28,0
DA:29,0
DA:32,5
DA:33,0
DA:34,0
DA:35,0
DA:36,0
DA:39,0
DA:42,5
DA:43,0
DA:44,0
DA:45,0
DA:46,0
DA:50,0
LF:31
LH:6
BRDA:8,0,0,0
BRDA:8,0,1,0
BRDA:8,1,0,0
BRDA:8,1,1,0
BRDA:16,2,0,0
BRDA:16,2,1,0
BRDA:16,3,0,0
BRDA:16,3,1,0
BRDA:27,4,0,0
BRDA:27,4,1,0
BRDA:27,5,0,0
BRDA:27,5,1,0
BRDA:35,6,0,0
BRDA:35,6,1,0
BRDA:35,7,0,0
BRDA:35,7,1,0
BRDA:45,8,0,0
BRDA:45,8,1,0
BRDA:45,9,0,0
BRDA:45,9,1,0
BRF:20
BRH:0
end_of_record
TN:
SF:src\poseidon\audit.ts
FN:14,(anonymous_0)
FN:17,(anonymous_1)
FN:21,(anonymous_2)
FN:22,(anonymous_3)
FN:25,(anonymous_4)
FN:26,(anonymous_5)
FN:29,(anonymous_6)
FN:42,canPerformAction
FNF:8
FNH:8
FNDA:3,(anonymous_0)
FNDA:5,(anonymous_1)
FNDA:1,(anonymous_2)
FNDA:1,(anonymous_3)
FNDA:1,(anonymous_4)
FNDA:2,(anonymous_5)
FNDA:1,(anonymous_6)
FNDA:6,canPerformAction
DA:14,1
DA:15,3
DA:18,5
DA:22,1
DA:26,2
DA:30,1
DA:42,1
DA:43,6
DA:49,6
LF:9
LH:9
BRF:0
BRH:0
end_of_record
TN:
SF:src\poseidon\automation-pipeline.ts
FN:21,(anonymous_0)
FN:44,(anonymous_1)
FNF:2
FNH:2
FNDA:4,(anonymous_0)
FNDA:3,(anonymous_1)
DA:20,1
DA:23,4
DA:25,1
DA:27,1
DA:29,0
DA:31,1
DA:33,1
DA:35,0
DA:37,0
DA:39,0
DA:46,3
DA:47,2
DA:48,2
DA:49,1
LF:14
LH:10
BRDA:23,0,0,1
BRDA:23,0,1,1
BRDA:23,0,2,0
BRDA:23,0,3,1
BRDA:23,0,4,1
BRDA:23,0,5,0
BRDA:23,0,6,0
BRDA:23,0,7,0
BRDA:46,1,0,1
BRDA:46,1,1,2
BRDA:46,2,0,3
BRDA:46,2,1,1
BRDA:47,3,0,0
BRDA:47,3,1,2
BRDA:47,4,0,2
BRDA:47,4,1,1
BRDA:48,5,0,1
BRDA:48,5,1,1
BRDA:48,6,0,2
BRDA:48,6,1,1
BRF:20
BRH:15
end_of_record
TN:
SF:src\poseidon\backend-monitor.ts
FN:11,(anonymous_0)
FN:14,(anonymous_1)
FN:18,(anonymous_2)
FN:19,(anonymous_3)
FN:23,(anonymous_4)
FN:24,(anonymous_5)
FN:29,(anonymous_6)
FN:31,(anonymous_7)
FNF:8
FNH:8
FNDA:5,(anonymous_0)
FNDA:6,(anonymous_1)
FNDA:1,(anonymous_2)
FNDA:2,(anonymous_3)
FNDA:2,(anonymous_4)
FNDA:2,(anonymous_5)
FNDA:2,(anonymous_6)
FNDA:2,(anonymous_7)
DA:11,6
DA:12,5
DA:15,6
DA:19,2
DA:20,1
DA:24,2
DA:25,2
DA:26,2
DA:31,2
DA:32,1
LF:10
LH:10
BRDA:25,0,0,0
BRDA:25,0,1,2
BRDA:31,1,0,1
BRDA:31,1,1,1
BRF:4
BRH:3
end_of_record
TN:
SF:src\poseidon\code-tool.ts
FN:9,(anonymous_0)
FN:18,(anonymous_1)
FN:27,(anonymous_2)
FNF:3
FNH:0
FNDA:0,(anonymous_0)
FNDA:0,(anonymous_1)
FNDA:0,(anonymous_2)
DA:2,9
DA:3,9
DA:6,9
DA:8,9
DA:10,0
DA:11,0
DA:12,0
DA:14,0
DA:19,0
DA:20,0
DA:21,0
DA:23,0
DA:28,0
DA:29,0
DA:30,0
DA:32,0
LF:16
LH:4
BRDA:9,0,0,0
BRDA:18,1,0,0
BRDA:27,2,0,0
BRF:3
BRH:0
end_of_record
TN:
SF:src\poseidon\content-autogen.ts
FN:12,(anonymous_0)
FN:33,(anonymous_1)
FNF:2
FNH:2
FNDA:6,(anonymous_0)
FNDA:1,(anonymous_1)
DA:11,1
DA:14,6
DA:16,1
DA:18,1
DA:20,1
DA:22,1
DA:24,1
DA:26,1
DA:28,0
DA:34,1
LF:10
LH:9
BRDA:14,0,0,1
BRDA:14,0,1,1
BRDA:14,0,2,1
BRDA:14,0,3,1
BRDA:14,0,4,1
BRDA:14,0,5,1
BRDA:14,0,6,0
BRF:7
BRH:6
end_of_record
TN:
SF:src\poseidon\content-pipeline.ts
FN:12,(anonymous_0)
FN:19,(anonymous_1)
FN:26,(anonymous_2)
FNF:3
FNH:3
FNDA:3,(anonymous_0)
FNDA:1,(anonymous_1)
FNDA:1,(anonymous_2)
DA:11,6
DA:14,3
DA:15,3
DA:16,2
DA:21,1
DA:28,1
LF:6
LH:6
BRDA:14,0,0,0
BRDA:14,0,1,3
BRDA:15,1,0,1
BRDA:15,1,1,2
BRDA:15,2,0,3
BRDA:15,2,1,3
BRDA:21,3,0,0
BRDA:21,3,1,1
BRF:8
BRH:6
end_of_record
TN:
SF:src\poseidon\context.ts
FN:9,injectFileContext
FNF:1
FNH:0
FNDA:0,injectFileContext
DA:2,2
DA:9,2
DA:10,0
DA:11,0
DA:12,0
DA:14,0
LF:6
LH:2
BRF:0
BRH:0
end_of_record
TN:
SF:src\poseidon\embedding.ts
FN:13,generateEmbedding
FNF:1
FNH:1
FNDA:188,generateEmbedding
DA:4,2
DA:13,2
DA:15,188
DA:16,188
DA:17,188
DA:18,188
DA:19,72192
DA:21,188
LF:8
LH:8
BRDA:13,0,0,188
BRF:1
BRH:1
end_of_record
TN:
SF:src\poseidon\feedback.ts
FN:14,(anonymous_0)
FN:17,(anonymous_1)
FN:21,(anonymous_2)
FN:22,(anonymous_3)
FN:25,(anonymous_4)
FN:31,learnFromFeedback
FN:32,(anonymous_6)
FNF:7
FNH:7
FNDA:2,(anonymous_0)
FNDA:3,(anonymous_1)
FNDA:1,(anonymous_2)
FNDA:1,(anonymous_3)
FNDA:1,(anonymous_4)
FNDA:1,learnFromFeedback
FNDA:5,(anonymous_6)
DA:14,1
DA:15,2
DA:18,3
DA:22,1
DA:26,1
DA:31,1
DA:32,1
DA:33,5
DA:34,5
DA:35,5
DA:36,5
DA:37,5
LF:12
LH:12
BRDA:33,0,0,2
BRDA:33,0,1,3
BRDA:34,1,0,1
BRDA:34,1,1,4
BRDA:35,2,0,1
BRDA:35,2,1,4
BRDA:36,3,0,1
BRDA:36,3,1,4
BRF:8
BRH:8
end_of_record
TN:
SF:src\poseidon\file-tool.ts
FN:7,(anonymous_1)
FN:11,(anonymous_2)
FN:15,(anonymous_3)
FN:19,(anonymous_4)
FN:23,(anonymous_5)
FN:27,(anonymous_6)
FNF:6
FNH:2
FNDA:7,(anonymous_1)
FNDA:7,(anonymous_2)
FNDA:0,(anonymous_3)
FNDA:0,(anonymous_4)
FNDA:0,(anonymous_5)
FNDA:0,(anonymous_6)
DA:2,9
DA:6,9
DA:8,7
DA:12,7
DA:16,0
DA:20,0
DA:24,0
DA:28,0
LF:8
LH:4
BRDA:15,0,0,0
BRF:1
BRH:0
end_of_record
TN:
SF:src\poseidon\git-tool.ts
FN:9,(anonymous_0)
FN:14,(anonymous_1)
FN:19,(anonymous_2)
FNF:3
FNH:0
FNDA:0,(anonymous_0)
FNDA:0,(anonymous_1)
FNDA:0,(anonymous_2)
DA:2,9
DA:3,9
DA:6,9
DA:8,9
DA:10,0
DA:11,0
DA:15,0
DA:16,0
DA:20,0
DA:21,0
DA:23,0
DA:25,0
DA:26,0
LF:13
LH:4
BRDA:14,0,0,0
BRDA:20,1,0,0
BRDA:20,1,1,0
BRDA:20,2,0,0
BRDA:20,2,1,0
BRF:5
BRH:0
end_of_record
TN:
SF:src\poseidon\index.ts
FN:14,createPoseidonApp
FN:32,(anonymous_2)
FN:69,(anonymous_3)
FN:79,(anonymous_4)
FN:94,(anonymous_5)
FN:97,(anonymous_6)
FNF:6
FNH:4
FNDA:2,createPoseidonApp
FNDA:4,(anonymous_2)
FNDA:2,(anonymous_3)
FNDA:2,(anonymous_4)
FNDA:0,(anonymous_5)
FNDA:0,(anonymous_6)
DA:3,2
DA:4,2
DA:5,2
DA:6,2
DA:7,2
DA:8,2
DA:9,2
DA:10,2
DA:11,2
DA:14,2
DA:15,2
DA:16,2
DA:19,2
DA:22,2
DA:23,2
DA:24,2
DA:25,2
DA:26,186
DA:27,186
DA:29,2
DA:32,2
DA:33,4
DA:34,4
DA:35,4
DA:36,4
DA:37,0
DA:38,0
DA:40,0
DA:41,0
DA:42,0
DA:45,4
DA:46,4
DA:48,1
DA:49,1
DA:51,1
DA:52,1
DA:54,1
DA:55,1
DA:57,1
DA:59,4
DA:64,4
DA:65,4
DA:69,2
DA:70,2
DA:71,2
DA:72,2
DA:73,1
DA:75,1
DA:76,1
DA:79,2
DA:80,2
DA:81,2
DA:82,2
DA:83,1
DA:85,1
DA:86,1
DA:89,2
DA:93,2
DA:94,0
DA:95,0
DA:96,0
DA:97,0
DA:98,0
LF:63
LH:53
BRDA:19,0,0,2
BRDA:19,0,1,0
BRDA:36,1,0,0
BRDA:36,1,1,4
BRDA:40,2,0,0
BRDA:40,2,1,0
BRDA:46,3,0,1
BRDA:46,3,1,1
BRDA:46,3,2,1
BRDA:46,3,3,1
BRDA:70,4,0,0
BRDA:70,4,1,2
BRDA:72,5,0,1
BRDA:72,5,1,1
BRDA:72,6,0,2
BRDA:72,6,1,1
BRDA:72,6,2,1
BRDA:75,7,0,1
BRDA:75,7,1,1
BRDA:80,8,0,0
BRDA:80,8,1,2
BRDA:82,9,0,1
BRDA:82,9,1,1
BRDA:82,10,0,2
BRDA:82,10,1,1
BRDA:82,10,2,1
BRDA:85,11,0,1
BRDA:85,11,1,1
BRDA:93,12,0,0
BRDA:93,12,1,2
BRDA:96,13,0,0
BRDA:96,13,1,0
BRF:32
BRH:23
end_of_record
TN:
SF:src\poseidon\indexer.ts
FN:18,crawlAndIndexRepo
FN:20,walk
FNF:2
FNH:2
FNDA:2,crawlAndIndexRepo
FNDA:70,walk
DA:2,2
DA:3,2
DA:18,2
DA:19,2
DA:21,70
DA:22,70
DA:23,592
DA:24,592
DA:25,74
DA:26,68
DA:27,518
DA:28,186
DA:29,186
DA:33,2
DA:34,2
LF:15
LH:15
BRDA:18,0,0,2
BRDA:24,1,0,74
BRDA:24,1,1,518
BRDA:25,2,0,6
BRDA:25,2,1,68
BRDA:27,3,0,186
BRDA:27,3,1,332
BRF:7
BRH:7
end_of_record
TN:
SF:src\poseidon\liveops-validator.ts
FN:12,(anonymous_0)
FN:21,(anonymous_1)
FN:27,(anonymous_2)
FNF:3
FNH:3
FNDA:3,(anonymous_0)
FNDA:1,(anonymous_1)
FNDA:1,(anonymous_2)
DA:11,6
DA:14,3
DA:16,3
DA:17,2
DA:23,1
DA:28,1
LF:6
LH:6
BRDA:14,0,0,0
BRDA:14,0,1,3
BRDA:16,1,0,1
BRDA:16,1,1,2
BRDA:16,2,0,3
BRDA:16,2,1,3
BRDA:23,3,0,1
BRDA:23,3,1,0
BRF:8
BRH:6
end_of_record
TN:
SF:src\poseidon\logger.ts
FN:7,logPoseidonRequest
FN:16,getPoseidonRequestHistory
FN:20,(anonymous_3)
FNF:3
FNH:1
FNDA:4,logPoseidonRequest
FNDA:0,getPoseidonRequestHistory
FNDA:0,(anonymous_3)
DA:2,2
DA:3,2
DA:5,2
DA:7,2
DA:8,4
DA:12,4
DA:13,4
DA:16,2
DA:17,0
DA:18,0
DA:19,0
DA:20,0
DA:22,0
LF:13
LH:8
BRDA:16,0,0,0
BRF:1
BRH:0
end_of_record
TN:
SF:src\poseidon\orchestrator-extensions.ts
FN:8,enhancedApprovalCallback
FN:18,safeExecutePlan
FN:30,(anonymous_2)
FNF:3
FNH:3
FNDA:1,enhancedApprovalCallback
FNDA:3,safeExecutePlan
FNDA:1,(anonymous_2)
DA:8,1
DA:10,1
DA:13,1
DA:14,0
DA:18,1
DA:24,3
DA:25,4
DA:26,1
DA:30,2
LF:9
LH:8
BRDA:13,0,0,1
BRDA:13,0,1,0
BRDA:25,1,0,1
BRDA:25,1,1,3
BRF:4
BRH:3
end_of_record
TN:
SF:src\poseidon\orchestrator.ts
FN:20,(anonymous_0)
FN:26,(anonymous_1)
FN:52,(anonymous_2)
FNF:3
FNH:2
FNDA:2,(anonymous_0)
FNDA:5,(anonymous_1)
FNDA:0,(anonymous_2)
DA:15,2
DA:21,2
DA:22,2
DA:23,2
DA:27,5
DA:28,5
DA:29,7
DA:30,2
DA:31,2
DA:32,2
DA:33,2
DA:36,5
DA:37,5
DA:38,4
DA:39,4
DA:41,1
DA:43,1
DA:44,1
DA:46,1
DA:49,2
DA:53,0
LF:21
LH:20
BRDA:29,0,0,2
BRDA:29,0,1,5
BRDA:29,1,0,7
BRDA:29,1,1,2
BRDA:31,2,0,2
BRDA:31,2,1,0
BRDA:43,3,0,1
BRDA:43,3,1,0
BRF:8
BRH:6
end_of_record
TN:
SF:src\poseidon\player-ai-features.ts
FN:4,(anonymous_9)
FN:7,(anonymous_10)
FN:8,(anonymous_11)
FN:22,(anonymous_12)
FN:25,(anonymous_13)
FN:26,(anonymous_14)
FN:33,(anonymous_15)
FN:36,(anonymous_16)
FN:37,(anonymous_17)
FN:45,(anonymous_18)
FN:48,(anonymous_19)
FN:49,(anonymous_20)
FN:56,(anonymous_21)
FN:59,(anonymous_22)
FN:60,(anonymous_23)
FN:67,(anonymous_24)
FN:70,(anonymous_25)
FN:71,(anonymous_26)
FN:78,(anonymous_27)
FN:81,(anonymous_28)
FN:82,(anonymous_29)
FN:89,(anonymous_30)
FN:92,(anonymous_31)
FN:93,(anonymous_32)
FN:100,(anonymous_33)
FN:103,(anonymous_34)
FN:104,(anonymous_35)
FN:119,(anonymous_36)
FN:122,(anonymous_37)
FN:126,(anonymous_38)
FN:130,(anonymous_39)
FN:137,(anonymous_40)
FN:140,(anonymous_41)
FN:141,(anonymous_42)
FN:155,(anonymous_43)
FN:158,(anonymous_44)
FN:159,(anonymous_45)
FN:165,(anonymous_46)
FN:168,(anonymous_47)
FN:169,(anonymous_48)
FN:175,(anonymous_49)
FN:178,(anonymous_50)
FN:179,(anonymous_51)
FN:198,(anonymous_52)
FN:201,(anonymous_53)
FN:202,(anonymous_54)
FN:208,(anonymous_55)
FN:211,(anonymous_56)
FN:212,(anonymous_57)
FN:226,(anonymous_58)
FN:229,(anonymous_59)
FN:230,(anonymous_60)
FN:244,(anonymous_61)
FN:247,(anonymous_62)
FN:248,(anonymous_63)
FN:254,(anonymous_64)
FN:257,(anonymous_65)
FN:258,(anonymous_66)
FN:264,(anonymous_67)
FN:267,(anonymous_68)
FN:268,(anonymous_69)
FN:282,(anonymous_70)
FN:285,(anonymous_71)
FN:286,(anonymous_72)
FN:292,(anonymous_73)
FN:295,(anonymous_74)
FN:296,(anonymous_75)
FN:302,(anonymous_76)
FN:305,(anonymous_77)
FN:306,(anonymous_78)
FN:312,(anonymous_79)
FN:315,(anonymous_80)
FN:316,(anonymous_81)
FN:322,(anonymous_82)
FN:325,(anonymous_83)
FN:326,(anonymous_84)
FN:332,(anonymous_85)
FN:335,(anonymous_86)
FN:336,(anonymous_87)
FNF:79
FNH:78
FNDA:5,(anonymous_9)
FNDA:1,(anonymous_10)
FNDA:1,(anonymous_11)
FNDA:5,(anonymous_12)
FNDA:1,(anonymous_13)
FNDA:1,(anonymous_14)
FNDA:5,(anonymous_15)
FNDA:1,(anonymous_16)
FNDA:1,(anonymous_17)
FNDA:5,(anonymous_18)
FNDA:1,(anonymous_19)
FNDA:1,(anonymous_20)
FNDA:5,(anonymous_21)
FNDA:1,(anonymous_22)
FNDA:1,(anonymous_23)
FNDA:5,(anonymous_24)
FNDA:1,(anonymous_25)
FNDA:1,(anonymous_26)
FNDA:5,(anonymous_27)
FNDA:1,(anonymous_28)
FNDA:1,(anonymous_29)
FNDA:5,(anonymous_30)
FNDA:1,(anonymous_31)
FNDA:1,(anonymous_32)
FNDA:5,(anonymous_33)
FNDA:1,(anonymous_34)
FNDA:1,(anonymous_35)
FNDA:5,(anonymous_36)
FNDA:125,(anonymous_37)
FNDA:27,(anonymous_38)
FNDA:0,(anonymous_39)
FNDA:5,(anonymous_40)
FNDA:2,(anonymous_41)
FNDA:2,(anonymous_42)
FNDA:5,(anonymous_43)
FNDA:1,(anonymous_44)
FNDA:1,(anonymous_45)
FNDA:5,(anonymous_46)
FNDA:1,(anonymous_47)
FNDA:1,(anonymous_48)
FNDA:5,(anonymous_49)
FNDA:1,(anonymous_50)
FNDA:1,(anonymous_51)
FNDA:5,(anonymous_52)
FNDA:1,(anonymous_53)
FNDA:1,(anonymous_54)
FNDA:5,(anonymous_55)
FNDA:1,(anonymous_56)
FNDA:1,(anonymous_57)
FNDA:5,(anonymous_58)
FNDA:1,(anonymous_59)
FNDA:1,(anonymous_60)
FNDA:5,(anonymous_61)
FNDA:1,(anonymous_62)
FNDA:1,(anonymous_63)
FNDA:5,(anonymous_64)
FNDA:1,(anonymous_65)
FNDA:1,(anonymous_66)
FNDA:5,(anonymous_67)
FNDA:1,(anonymous_68)
FNDA:1,(anonymous_69)
FNDA:5,(anonymous_70)
FNDA:1,(anonymous_71)
FNDA:1,(anonymous_72)
FNDA:5,(anonymous_73)
FNDA:1,(anonymous_74)
FNDA:1,(anonymous_75)
FNDA:5,(anonymous_76)
FNDA:1,(anonymous_77)
FNDA:1,(anonymous_78)
FNDA:5,(anonymous_79)
FNDA:1,(anonymous_80)
FNDA:1,(anonymous_81)
FNDA:5,(anonymous_82)
FNDA:1,(anonymous_83)
FNDA:1,(anonymous_84)
FNDA:5,(anonymous_85)
FNDA:1,(anonymous_86)
FNDA:1,(anonymous_87)
DA:1,5
DA:4,5
DA:5,5
DA:6,5
DA:7,1
DA:9,1
DA:10,0
DA:11,0
DA:12,0
DA:14,0
DA:17,1
DA:22,5
DA:23,5
DA:24,5
DA:25,1
DA:28,1
DA:33,5
DA:34,5
DA:35,5
DA:36,1
DA:39,1
DA:45,5
DA:46,5
DA:47,5
DA:48,1
DA:51,1
DA:56,5
DA:57,5
DA:58,5
DA:59,1
DA:62,1
DA:67,5
DA:68,5
DA:69,5
DA:70,1
DA:73,1
DA:78,5
DA:79,5
DA:80,5
DA:81,1
DA:84,1
DA:89,5
DA:90,5
DA:91,5
DA:92,1
DA:95,1
DA:100,5
DA:101,5
DA:102,5
DA:103,1
DA:106,1
DA:119,5
DA:120,5
DA:123,125
DA:127,27
DA:131,0
DA:137,5
DA:138,5
DA:139,5
DA:140,2
DA:142,2
DA:143,2
DA:144,0
DA:145,0
DA:150,2
DA:155,5
DA:156,5
DA:157,5
DA:158,1
DA:160,1
DA:165,5
DA:166,5
DA:167,5
DA:168,1
DA:170,1
DA:175,5
DA:176,5
DA:177,5
DA:178,1
DA:180,1
DA:181,1
DA:182,1
DA:183,1
DA:184,0
DA:187,0
DA:190,1
DA:192,1
DA:193,1
DA:198,5
DA:199,5
DA:200,5
DA:201,1
DA:203,1
DA:208,5
DA:209,5
DA:210,5
DA:211,1
DA:213,1
DA:214,1
DA:215,0
DA:216,0
DA:221,1
DA:226,5
DA:227,5
DA:228,5
DA:229,1
DA:231,1
DA:232,1
DA:233,0
DA:234,0
DA:239,1
DA:244,5
DA:245,5
DA:246,5
DA:247,1
DA:249,1
DA:254,5
DA:255,5
DA:256,5
DA:257,1
DA:259,1
DA:264,5
DA:265,5
DA:266,5
DA:267,1
DA:269,1
DA:270,1
DA:271,0
DA:272,0
DA:277,1
DA:282,5
DA:283,5
DA:284,5
DA:285,1
DA:287,1
DA:292,5
DA:293,5
DA:294,5
DA:295,1
DA:297,1
DA:302,5
DA:303,5
DA:304,5
DA:305,1
DA:307,1
DA:312,5
DA:313,5
DA:314,5
DA:315,1
DA:317,1
DA:322,5
DA:323,5
DA:324,5
DA:325,1
DA:327,1
DA:332,5
DA:333,5
DA:334,5
DA:335,1
DA:337,1
DA:342,5
DA:343,5
DA:344,5
DA:345,5
DA:346,5
DA:347,5
DA:348,5
DA:349,5
DA:350,5
DA:351,5
DA:352,5
DA:353,5
DA:354,5
DA:355,5
DA:356,5
DA:357,5
DA:358,5
DA:359,5
DA:360,5
DA:361,5
DA:362,5
DA:363,5
DA:364,5
DA:365,5
DA:366,5
DA:367,5
LF:186
LH:171
BRDA:9,0,0,0
BRDA:9,0,1,1
BRDA:9,1,0,1
BRDA:9,1,1,0
BRDA:14,2,0,0
BRDA:14,2,1,0
BRDA:143,3,0,0
BRDA:143,3,1,2
BRDA:143,4,0,2
BRDA:143,4,1,0
BRDA:183,5,0,0
BRDA:183,5,1,1
BRDA:183,6,0,1
BRDA:183,6,1,0
BRDA:190,7,0,1
BRDA:190,7,1,0
BRDA:214,8,0,0
BRDA:214,8,1,1
BRDA:214,9,0,1
BRDA:214,9,1,0
BRDA:232,10,0,0
BRDA:232,10,1,1
BRDA:232,11,0,1
BRDA:232,11,1,0
BRDA:270,12,0,0
BRDA:270,12,1,1
BRDA:270,13,0,1
BRDA:270,13,1,0
BRF:28
BRH:13
end_of_record
TN:
SF:src\poseidon\project-accelerator.ts
FN:13,(anonymous_0)
FN:19,(anonymous_1)
FN:24,(anonymous_2)
FN:29,(anonymous_3)
FNF:4
FNH:4
FNDA:1,(anonymous_0)
FNDA:1,(anonymous_1)
FNDA:1,(anonymous_2)
FNDA:1,(anonymous_3)
DA:12,1
DA:15,1
DA:16,1
DA:21,1
DA:26,1
DA:31,1
LF:6
LH:6
BRF:0
BRH:0
end_of_record
TN:
SF:src\poseidon\prompts.ts
FN:4,(anonymous_0)
FN:6,(anonymous_1)
FN:8,(anonymous_2)
FNF:3
FNH:3
FNDA:1,(anonymous_0)
FNDA:1,(anonymous_1)
FNDA:1,(anonymous_2)
DA:3,2
DA:4,1
DA:6,1
DA:8,1
LF:4
LH:4
BRDA:6,0,0,1
BRDA:6,0,1,0
BRF:2
BRH:1
end_of_record
TN:
SF:src\poseidon\repo-connector.ts
FN:17,(anonymous_0)
FN:21,(anonymous_1)
FN:25,(anonymous_2)
FN:30,(anonymous_3)
FN:39,(anonymous_4)
FNF:5
FNH:5
FNDA:4,(anonymous_0)
FNDA:4,(anonymous_1)
FNDA:1,(anonymous_2)
FNDA:2,(anonymous_3)
FNDA:1,(anonymous_4)
DA:14,1
DA:18,4
DA:22,4
DA:26,1
DA:31,2
DA:32,1
DA:35,1
DA:41,1
LF:8
LH:8
BRDA:31,0,0,1
BRDA:31,0,1,1
BRF:2
BRH:2
end_of_record
TN:
SF:src\poseidon\safe-file-tool.ts
FN:5,(anonymous_0)
FN:7,(anonymous_1)
FN:11,(anonymous_2)
FN:16,(anonymous_3)
FN:21,(anonymous_4)
FN:26,(anonymous_5)
FN:31,(anonymous_6)
FNF:7
FNH:3
FNDA:6,(anonymous_0)
FNDA:7,(anonymous_1)
FNDA:8,(anonymous_2)
FNDA:0,(anonymous_3)
FNDA:0,(anonymous_4)
FNDA:0,(anonymous_5)
FNDA:0,(anonymous_6)
DA:4,9
DA:5,6
DA:8,7
DA:12,8
DA:13,7
DA:17,0
DA:18,0
DA:22,0
DA:23,0
DA:27,0
DA:28,0
DA:32,0
DA:33,0
LF:13
LH:5
BRDA:12,0,0,1
BRDA:12,0,1,7
BRDA:16,1,0,0
BRDA:17,2,0,0
BRDA:17,2,1,0
BRDA:22,3,0,0
BRDA:22,3,1,0
BRDA:27,4,0,0
BRDA:27,4,1,0
BRDA:32,5,0,0
BRDA:32,5,1,0
BRF:11
BRH:2
end_of_record
TN:
SF:src\poseidon\search-tools.ts
FN:7,(anonymous_0)
FN:14,(anonymous_1)
FN:24,(anonymous_2)
FN:25,(anonymous_3)
FN:28,(anonymous_4)
FNF:5
FNH:5
FNDA:2,(anonymous_0)
FNDA:1,(anonymous_1)
FNDA:1,(anonymous_2)
FNDA:60,(anonymous_3)
FNDA:5,(anonymous_4)
DA:3,2
DA:6,2
DA:7,2
DA:15,1
DA:16,1
DA:25,60
DA:26,1
DA:27,1
DA:28,5
LF:9
LH:9
BRDA:14,0,0,0
BRDA:24,1,0,0
BRDA:26,2,0,0
BRDA:26,2,1,1
BRF:4
BRH:1
end_of_record
TN:
SF:src\poseidon\studio-intelligence.ts
FN:11,(anonymous_0)
FN:14,(anonymous_1)
FN:18,(anonymous_2)
FN:20,(anonymous_3)
FN:24,(anonymous_4)
FN:26,(anonymous_5)
FN:30,(anonymous_6)
FN:32,(anonymous_7)
FN:36,(anonymous_8)
FN:38,(anonymous_9)
FN:42,(anonymous_10)
FNF:11
FNH:11
FNDA:5,(anonymous_0)
FNDA:25,(anonymous_1)
FNDA:4,(anonymous_2)
FNDA:26,(anonymous_3)
FNDA:4,(anonymous_4)
FNDA:12,(anonymous_5)
FNDA:2,(anonymous_6)
FNDA:1,(anonymous_7)
FNDA:2,(anonymous_8)
FNDA:1,(anonymous_9)
FNDA:2,(anonymous_10)
DA:11,1
DA:12,5
DA:15,25
DA:20,26
DA:21,4
DA:26,12
DA:27,4
DA:32,2
DA:33,2
DA:38,2
DA:39,2
DA:44,2
DA:45,2
DA:46,2
DA:47,2
LF:15
LH:15
BRDA:21,0,0,1
BRDA:21,0,1,3
BRDA:27,1,0,3
BRDA:27,1,1,1
BRDA:33,2,0,1
BRDA:33,2,1,1
BRDA:39,3,0,1
BRDA:39,3,1,1
BRDA:45,4,0,2
BRDA:45,4,1,0
BRDA:46,5,0,2
BRDA:46,5,1,0
BRF:12
BRH:10
end_of_record
TN:
SF:src\poseidon\studio-services-api.ts
FN:18,getTenant
FN:21,getAgent
FN:25,getLiveOpsValidator
FN:29,getContentPipeline
FN:33,getBackendMonitor
FN:42,(anonymous_6)
FN:59,(anonymous_7)
FNF:7
FNH:6
FNDA:5,getTenant
FNDA:0,getAgent
FNDA:1,getLiveOpsValidator
FNDA:1,getContentPipeline
FNDA:2,getBackendMonitor
FNDA:27,(anonymous_6)
FNDA:5,(anonymous_7)
DA:2,5
DA:6,5
DA:7,5
DA:8,5
DA:9,5
DA:10,5
DA:13,5
DA:14,5
DA:15,5
DA:16,5
DA:19,5
DA:22,0
DA:23,0
DA:26,1
DA:27,1
DA:30,1
DA:31,1
DA:34,2
DA:35,2
DA:38,5
DA:39,5
DA:42,5
DA:43,27
DA:44,27
DA:45,27
DA:46,27
DA:47,26
DA:48,0
DA:50,26
DA:51,26
DA:52,26
DA:54,0
DA:55,0
DA:59,5
DA:60,5
DA:61,5
DA:62,5
DA:63,5
DA:65,0
DA:66,0
DA:68,0
DA:70,0
DA:72,1
DA:73,1
DA:74,1
DA:75,1
DA:77,0
DA:79,1
DA:80,1
DA:81,1
DA:82,1
DA:84,0
DA:86,2
DA:87,1
DA:88,1
DA:89,1
DA:91,1
DA:92,1
DA:93,1
DA:94,1
DA:96,0
DA:98,1
DA:100,0
DA:102,0
DA:103,0
DA:107,5
LF:66
LH:51
BRDA:19,0,0,5
BRDA:19,0,1,0
BRDA:22,1,0,0
BRDA:22,1,1,0
BRDA:26,2,0,1
BRDA:26,2,1,0
BRDA:30,3,0,1
BRDA:30,3,1,0
BRDA:34,4,0,1
BRDA:34,4,1,1
BRDA:44,5,0,27
BRDA:44,5,1,0
BRDA:46,6,0,1
BRDA:46,6,1,26
BRDA:47,7,0,0
BRDA:47,7,1,26
BRDA:54,8,0,0
BRDA:54,8,1,0
BRDA:63,9,0,0
BRDA:63,9,1,1
BRDA:63,9,2,1
BRDA:63,9,3,2
BRDA:63,9,4,1
BRDA:65,10,0,0
BRDA:65,10,1,0
BRDA:72,11,0,1
BRDA:72,11,1,0
BRDA:79,12,0,1
BRDA:79,12,1,0
BRDA:86,13,0,1
BRDA:86,13,1,1
BRDA:91,14,0,1
BRDA:91,14,1,0
BRDA:102,15,0,0
BRDA:102,15,1,0
BRF:35
BRH:18
end_of_record
TN:
SF:src\poseidon\tool-sandbox.ts
FN:10,(anonymous_1)
FN:12,(anonymous_2)
FN:20,(anonymous_3)
FN:25,generateDiff
FNF:4
FNH:2
FNDA:6,(anonymous_1)
FNDA:8,(anonymous_2)
FNDA:0,(anonymous_3)
FNDA:0,generateDiff
DA:3,9
DA:4,9
DA:5,9
DA:7,9
DA:9,9
DA:10,6
DA:13,8
DA:14,8
DA:15,0
DA:17,8
DA:21,0
DA:25,9
DA:27,0
DA:28,0
LF:14
LH:10
BRDA:14,0,0,0
BRDA:14,0,1,8
BRF:2
BRH:1
end_of_record
TN:
SF:src\poseidon\vector-db.ts
FN:10,(anonymous_0)
FN:13,(anonymous_1)
FN:17,(anonymous_2)
FN:19,cosine
FN:20,(anonymous_4)
FN:21,(anonymous_5)
FN:22,(anonymous_6)
FN:26,(anonymous_7)
FN:27,(anonymous_8)
FN:31,(anonymous_9)
FNF:10
FNH:9
FNDA:2,(anonymous_0)
FNDA:186,(anonymous_1)
FNDA:2,(anonymous_2)
FNDA:186,cosine
FNDA:71424,(anonymous_4)
FNDA:71424,(anonymous_5)
FNDA:71424,(anonymous_6)
FNDA:186,(anonymous_7)
FNDA:973,(anonymous_8)
FNDA:0,(anonymous_9)
DA:10,2
DA:11,2
DA:14,186
DA:20,71424
DA:21,71424
DA:22,71424
DA:23,186
DA:25,2
DA:26,186
DA:27,973
DA:32,0
LF:11
LH:10
BRDA:17,0,0,0
BRF:1
BRH:0
end_of_record
TN:
SF:src\routes\analytics.ts
FNF:0
FNH:0
DA:1,4
DA:2,4
DA:3,4
DA:5,4
DA:8,4
DA:9,4
DA:11,4
LF:7
LH:7
BRF:0
BRH:0
end_of_record
TN:
SF:src\routes\audit.ts
FNF:0
FNH:0
DA:1,4
DA:2,4
DA:3,4
DA:5,4
DA:8,4
DA:9,4
DA:11,4
LF:7
LH:7
BRF:0
BRH:0
end_of_record
TN:
SF:src\routes\auth.ts
FN:13,(anonymous_1)
FN:15,(anonymous_2)
FNF:2
FNH:2
FNDA:4,(anonymous_1)
FNDA:4,(anonymous_2)
DA:1,4
DA:2,4
DA:3,4
DA:5,4
DA:9,4
DA:13,4
DA:14,4
DA:15,4
DA:16,4
DA:17,4
DA:18,4
DA:19,4
DA:20,4
DA:23,4
LF:14
LH:14
BRDA:16,0,0,0
BRDA:16,0,1,4
BRDA:18,1,0,0
BRDA:18,1,1,4
BRF:4
BRH:2
end_of_record
TN:
SF:src\routes\events.ts
FNF:0
FNH:0
DA:1,4
DA:2,4
DA:3,4
DA:5,4
DA:9,4
DA:10,4
DA:12,4
DA:14,4
LF:8
LH:8
BRF:0
BRH:0
end_of_record
TN:
SF:src\routes\health.ts
FN:5,(anonymous_0)
FNF:1
FNH:0
FNDA:0,(anonymous_0)
DA:1,4
DA:2,4
DA:5,4
DA:7,4
LF:4
LH:4
BRF:0
BRH:0
end_of_record
TN:
SF:src\routes\systemHealth.ts
FN:5,(anonymous_0)
FNF:1
FNH:0
FNDA:0,(anonymous_0)
DA:1,4
DA:2,4
DA:5,4
DA:6,0
DA:14,4
LF:5
LH:4
BRF:0
BRH:0
end_of_record
TN:
SF:src\routes\users.ts
FNF:0
FNH:0
DA:1,4
DA:2,4
DA:3,4
DA:5,4
DA:8,4
DA:9,4
DA:11,4
LF:7
LH:7
BRF:0
BRH:0
end_of_record
TN:
SF:src\utils\csvExport.ts
FN:3,toCSV
FNF:1
FNH:0
FNDA:0,toCSV
DA:1,4
DA:3,4
DA:4,0
DA:5,0
DA:6,0
LF:5
LH:2
BRDA:4,0,0,0
BRDA:4,0,1,0
BRF:2
BRH:0
end_of_record
TN:
SF:src\utils\logger.ts
FNF:0
FNH:0
DA:1,4
DA:3,4
DA:7,4
LF:3
LH:3
BRDA:4,0,0,4
BRDA:4,0,1,4
BRF:2
BRH:2
end_of_record
TN:
SF:src\utils\validate.ts
FNF:0
FNH:0
DA:1,4
DA:3,4
DA:9,4
LF:3
LH:3
BRF:0
BRH:0
end_of_record
