{"C:\\Users\\kuhna\\OneDrive\\Desktop\\SIMgameFiles\\VisualStudio\\FrontendMonorepo\\backend\\src\\index.ts": {"path":"C:\\Users\\kuhna\\OneDrive\\Desktop\\SIMgameFiles\\VisualStudio\\FrontendMonorepo\\backend\\src\\index.ts","statementMap":{"0":{"start":{"line":1,"column":0},"end":{"line":1,"column":30}},"1":{"start":{"line":2,"column":0},"end":{"line":2,"column":28}},"2":{"start":{"line":3,"column":0},"end":{"line":3,"column":31}},"3":{"start":{"line":5,"column":0},"end":{"line":5,"column":39}},"4":{"start":{"line":6,"column":0},"end":{"line":6,"column":42}},"5":{"start":{"line":7,"column":0},"end":{"line":7,"column":40}},"6":{"start":{"line":8,"column":0},"end":{"line":8,"column":49}},"7":{"start":{"line":10,"column":0},"end":{"line":10,"column":41}},"8":{"start":{"line":11,"column":0},"end":{"line":11,"column":43}},"9":{"start":{"line":12,"column":0},"end":{"line":12,"column":55}},"10":{"start":{"line":14,"column":0},"end":{"line":14,"column":41}},"11":{"start":{"line":15,"column":0},"end":{"line":15,"column":65}},"12":{"start":{"line":16,"column":0},"end":{"line":16,"column":51}},"13":{"start":{"line":18,"column":0},"end":{"line":18,"column":55}},"14":{"start":{"line":19,"column":0},"end":{"line":19,"column":47}},"15":{"start":{"line":21,"column":0},"end":{"line":21,"column":16}},"16":{"start":{"line":25,"column":12},"end":{"line":25,"column":21}},"17":{"start":{"line":26,"column":0},"end":{"line":26,"column":16}},"18":{"start":{"line":28,"column":0},"end":{"line":28,"column":24}},"19":{"start":{"line":29,"column":0},"end":{"line":29,"column":25}},"20":{"start":{"line":30,"column":0},"end":{"line":30,"column":17}},"21":{"start":{"line":31,"column":0},"end":{"line":31,"column":21}},"22":{"start":{"line":32,"column":0},"end":{"line":32,"column":24}},"23":{"start":{"line":35,"column":0},"end":{"line":37,"column":1}},"24":{"start":{"line":36,"column":2},"end":{"line":36,"column":20}},"25":{"start":{"line":41,"column":0},"end":{"line":41,"column":22}},"26":{"start":{"line":42,"column":0},"end":{"line":42,"column":28}},"27":{"start":{"line":43,"column":0},"end":{"line":43,"column":29}},"28":{"start":{"line":44,"column":0},"end":{"line":44,"column":32}},"29":{"start":{"line":45,"column":0},"end":{"line":45,"column":30}},"30":{"start":{"line":46,"column":0},"end":{"line":46,"column":39}},"31":{"start":{"line":48,"column":0},"end":{"line":48,"column":31}},"32":{"start":{"line":51,"column":0},"end":{"line":56,"column":1}},"33":{"start":{"line":52,"column":15},"end":{"line":52,"column":39}},"34":{"start":{"line":53,"column":2},"end":{"line":55,"column":5}},"35":{"start":{"line":54,"column":4},"end":{"line":54,"column":59}},"36":{"start":{"line":58,"column":0},"end":{"line":58,"column":19}}},"fnMap":{"0":{"name":"(anonymous_1)","decl":{"start":{"line":53,"column":19},"end":{"line":53,"column":22}},"loc":{"start":{"line":53,"column":24},"end":{"line":55,"column":3}}}},"branchMap":{"0":{"loc":{"start":{"line":35,"column":0},"end":{"line":37,"column":1}},"type":"if","locations":[{"start":{"line":35,"column":0},"end":{"line":37,"column":1}},{"start":{},"end":{}}]},"1":{"loc":{"start":{"line":51,"column":0},"end":{"line":56,"column":1}},"type":"if","locations":[{"start":{"line":51,"column":0},"end":{"line":56,"column":1}},{"start":{},"end":{}}]},"2":{"loc":{"start":{"line":52,"column":15},"end":{"line":52,"column":39}},"type":"binary-expr","locations":[{"start":{"line":52,"column":15},"end":{"line":52,"column":31}},{"start":{"line":52,"column":35},"end":{"line":52,"column":39}}]}},"s":{"0":4,"1":4,"2":4,"3":4,"4":4,"5":4,"6":4,"7":4,"8":4,"9":4,"10":4,"11":4,"12":4,"13":4,"14":4,"15":4,"16":4,"17":4,"18":4,"19":4,"20":4,"21":4,"22":4,"23":4,"24":0,"25":4,"26":4,"27":4,"28":4,"29":4,"30":4,"31":4,"32":4,"33":0,"34":0,"35":0,"36":4},"f":{"0":0},"b":{"0":[0,4],"1":[0,4],"2":[0,0]}}
,"C:\\Users\\kuhna\\OneDrive\\Desktop\\SIMgameFiles\\VisualStudio\\FrontendMonorepo\\backend\\src\\prisma.ts": {"path":"C:\\Users\\kuhna\\OneDrive\\Desktop\\SIMgameFiles\\VisualStudio\\FrontendMonorepo\\backend\\src\\prisma.ts","statementMap":{"0":{"start":{"line":1,"column":0},"end":{"line":1,"column":46}},"1":{"start":{"line":3,"column":15},"end":{"line":3,"column":33}},"2":{"start":{"line":4,"column":0},"end":{"line":4,"column":22}}},"fnMap":{},"branchMap":{},"s":{"0":4,"1":4,"2":4},"f":{},"b":{}}
,"C:\\Users\\kuhna\\OneDrive\\Desktop\\SIMgameFiles\\VisualStudio\\FrontendMonorepo\\backend\\src\\swagger.ts": {"path":"C:\\Users\\kuhna\\OneDrive\\Desktop\\SIMgameFiles\\VisualStudio\\FrontendMonorepo\\backend\\src\\swagger.ts","statementMap":{"0":{"start":{"line":16,"column":0},"end":{"line":16,"column":16}},"1":{"start":{"line":1,"column":0},"end":{"line":1,"column":43}},"2":{"start":{"line":2,"column":0},"end":{"line":2,"column":41}},"3":{"start":{"line":5,"column":16},"end":{"line":14,"column":2}},"4":{"start":{"line":17,"column":22},"end":{"line":17,"column":43}},"5":{"start":{"line":18,"column":2},"end":{"line":18,"column":70}}},"fnMap":{"0":{"name":"setupSwagger","decl":{"start":{"line":16,"column":16},"end":{"line":16,"column":28}},"loc":{"start":{"line":16,"column":41},"end":{"line":19,"column":1}}}},"branchMap":{},"s":{"0":4,"1":4,"2":4,"3":4,"4":0,"5":0},"f":{"0":0},"b":{}}
,"C:\\Users\\kuhna\\OneDrive\\Desktop\\SIMgameFiles\\VisualStudio\\FrontendMonorepo\\backend\\src\\controllers\\analyticsController.ts": {"path":"C:\\Users\\kuhna\\OneDrive\\Desktop\\SIMgameFiles\\VisualStudio\\FrontendMonorepo\\backend\\src\\controllers\\analyticsController.ts","statementMap":{"0":{"start":{"line":10,"column":0},"end":{"line":10,"column":7}},"1":{"start":{"line":4,"column":0},"end":{"line":4,"column":56}},"2":{"start":{"line":5,"column":0},"end":{"line":5,"column":37}},"3":{"start":{"line":6,"column":0},"end":{"line":6,"column":43}},"4":{"start":{"line":11,"column":2},"end":{"line":40,"column":3}},"5":{"start":{"line":13,"column":41},"end":{"line":13,"column":50}},"6":{"start":{"line":14,"column":46},"end":{"line":14,"column":48}},"7":{"start":{"line":15,"column":4},"end":{"line":17,"column":5}},"8":{"start":{"line":16,"column":6},"end":{"line":16,"column":28}},"9":{"start":{"line":19,"column":65},"end":{"line":19,"column":67}},"10":{"start":{"line":20,"column":4},"end":{"line":22,"column":5}},"11":{"start":{"line":21,"column":6},"end":{"line":21,"column":44}},"12":{"start":{"line":23,"column":4},"end":{"line":25,"column":5}},"13":{"start":{"line":24,"column":6},"end":{"line":24,"column":42}},"14":{"start":{"line":26,"column":4},"end":{"line":28,"column":5}},"15":{"start":{"line":27,"column":6},"end":{"line":27,"column":43}},"16":{"start":{"line":29,"column":22},"end":{"line":29,"column":51}},"17":{"start":{"line":30,"column":4},"end":{"line":35,"column":5}},"18":{"start":{"line":31,"column":18},"end":{"line":31,"column":34}},"19":{"start":{"line":32,"column":6},"end":{"line":32,"column":45}},"20":{"start":{"line":33,"column":6},"end":{"line":33,"column":38}},"21":{"start":{"line":34,"column":6},"end":{"line":34,"column":27}},"22":{"start":{"line":36,"column":4},"end":{"line":36,"column":24}},"23":{"start":{"line":38,"column":4},"end":{"line":38,"column":55}},"24":{"start":{"line":39,"column":4},"end":{"line":39,"column":65}}},"fnMap":{"0":{"name":"getAnalyticsData","decl":{"start":{"line":10,"column":22},"end":{"line":10,"column":38}},"loc":{"start":{"line":10,"column":66},"end":{"line":41,"column":1}}}},"branchMap":{"0":{"loc":{"start":{"line":15,"column":4},"end":{"line":17,"column":5}},"type":"if","locations":[{"start":{"line":15,"column":4},"end":{"line":17,"column":5}},{"start":{},"end":{}}]},"1":{"loc":{"start":{"line":15,"column":8},"end":{"line":15,"column":44}},"type":"binary-expr","locations":[{"start":{"line":15,"column":8},"end":{"line":15,"column":34}},{"start":{"line":15,"column":38},"end":{"line":15,"column":44}}]},"2":{"loc":{"start":{"line":20,"column":4},"end":{"line":22,"column":5}},"type":"if","locations":[{"start":{"line":20,"column":4},"end":{"line":22,"column":5}},{"start":{},"end":{}}]},"3":{"loc":{"start":{"line":20,"column":8},"end":{"line":20,"column":40}},"type":"binary-expr","locations":[{"start":{"line":20,"column":8},"end":{"line":20,"column":32}},{"start":{"line":20,"column":36},"end":{"line":20,"column":40}}]},"4":{"loc":{"start":{"line":23,"column":4},"end":{"line":25,"column":5}},"type":"if","locations":[{"start":{"line":23,"column":4},"end":{"line":25,"column":5}},{"start":{},"end":{}}]},"5":{"loc":{"start":{"line":23,"column":8},"end":{"line":23,"column":36}},"type":"binary-expr","locations":[{"start":{"line":23,"column":8},"end":{"line":23,"column":30}},{"start":{"line":23,"column":34},"end":{"line":23,"column":36}}]},"6":{"loc":{"start":{"line":26,"column":4},"end":{"line":28,"column":5}},"type":"if","locations":[{"start":{"line":26,"column":4},"end":{"line":28,"column":5}},{"start":{},"end":{}}]},"7":{"loc":{"start":{"line":26,"column":8},"end":{"line":26,"column":52}},"type":"binary-expr","locations":[{"start":{"line":26,"column":8},"end":{"line":26,"column":28}},{"start":{"line":26,"column":32},"end":{"line":26,"column":52}}]},"8":{"loc":{"start":{"line":30,"column":4},"end":{"line":35,"column":5}},"type":"if","locations":[{"start":{"line":30,"column":4},"end":{"line":35,"column":5}},{"start":{},"end":{}}]}},"s":{"0":4,"1":4,"2":4,"3":4,"4":1,"5":1,"6":1,"7":1,"8":0,"9":1,"10":1,"11":0,"12":1,"13":0,"14":1,"15":0,"16":1,"17":1,"18":0,"19":0,"20":0,"21":0,"22":1,"23":0,"24":0},"f":{"0":1},"b":{"0":[0,1],"1":[1,0],"2":[0,1],"3":[1,0],"4":[0,1],"5":[1,0],"6":[0,1],"7":[1,1],"8":[0,1]}}
,"C:\\Users\\kuhna\\OneDrive\\Desktop\\SIMgameFiles\\VisualStudio\\FrontendMonorepo\\backend\\src\\controllers\\auditController.ts": {"path":"C:\\Users\\kuhna\\OneDrive\\Desktop\\SIMgameFiles\\VisualStudio\\FrontendMonorepo\\backend\\src\\controllers\\auditController.ts","statementMap":{"0":{"start":{"line":8,"column":0},"end":{"line":8,"column":7}},"1":{"start":{"line":3,"column":0},"end":{"line":3,"column":52}},"2":{"start":{"line":4,"column":0},"end":{"line":4,"column":37}},"3":{"start":{"line":9,"column":2},"end":{"line":15,"column":3}},"4":{"start":{"line":10,"column":17},"end":{"line":10,"column":37}},"5":{"start":{"line":11,"column":4},"end":{"line":11,"column":19}},"6":{"start":{"line":13,"column":4},"end":{"line":13,"column":56}},"7":{"start":{"line":14,"column":4},"end":{"line":14,"column":66}}},"fnMap":{"0":{"name":"getAudit","decl":{"start":{"line":8,"column":22},"end":{"line":8,"column":30}},"loc":{"start":{"line":8,"column":58},"end":{"line":16,"column":1}}}},"branchMap":{},"s":{"0":4,"1":4,"2":4,"3":1,"4":1,"5":1,"6":0,"7":0},"f":{"0":1},"b":{}}
,"C:\\Users\\kuhna\\OneDrive\\Desktop\\SIMgameFiles\\VisualStudio\\FrontendMonorepo\\backend\\src\\controllers\\eventController.ts": {"path":"C:\\Users\\kuhna\\OneDrive\\Desktop\\SIMgameFiles\\VisualStudio\\FrontendMonorepo\\backend\\src\\controllers\\eventController.ts","statementMap":{"0":{"start":{"line":9,"column":0},"end":{"line":9,"column":7}},"1":{"start":{"line":23,"column":0},"end":{"line":23,"column":7}},"2":{"start":{"line":4,"column":0},"end":{"line":4,"column":65}},"3":{"start":{"line":5,"column":0},"end":{"line":5,"column":37}},"4":{"start":{"line":6,"column":0},"end":{"line":6,"column":48}},"5":{"start":{"line":10,"column":2},"end":{"line":19,"column":3}},"6":{"start":{"line":11,"column":17},"end":{"line":11,"column":44}},"7":{"start":{"line":12,"column":18},"end":{"line":12,"column":47}},"8":{"start":{"line":13,"column":17},"end":{"line":13,"column":35}},"9":{"start":{"line":14,"column":19},"end":{"line":14,"column":60}},"10":{"start":{"line":15,"column":4},"end":{"line":15,"column":21}},"11":{"start":{"line":17,"column":4},"end":{"line":17,"column":52}},"12":{"start":{"line":18,"column":4},"end":{"line":18,"column":62}},"13":{"start":{"line":24,"column":2},"end":{"line":35,"column":3}},"14":{"start":{"line":25,"column":18},"end":{"line":25,"column":82}},"15":{"start":{"line":26,"column":4},"end":{"line":29,"column":5}},"16":{"start":{"line":27,"column":6},"end":{"line":27,"column":71}},"17":{"start":{"line":28,"column":6},"end":{"line":28,"column":94}},"18":{"start":{"line":30,"column":18},"end":{"line":30,"column":47}},"19":{"start":{"line":31,"column":4},"end":{"line":31,"column":32}},"20":{"start":{"line":33,"column":4},"end":{"line":33,"column":52}},"21":{"start":{"line":34,"column":4},"end":{"line":34,"column":62}}},"fnMap":{"0":{"name":"getEvents","decl":{"start":{"line":9,"column":22},"end":{"line":9,"column":31}},"loc":{"start":{"line":9,"column":63},"end":{"line":20,"column":1}}},"1":{"name":"addEvent","decl":{"start":{"line":23,"column":22},"end":{"line":23,"column":30}},"loc":{"start":{"line":23,"column":62},"end":{"line":36,"column":1}}}},"branchMap":{"0":{"loc":{"start":{"line":11,"column":17},"end":{"line":11,"column":44}},"type":"binary-expr","locations":[{"start":{"line":11,"column":17},"end":{"line":11,"column":39}},{"start":{"line":11,"column":43},"end":{"line":11,"column":44}}]},"1":{"loc":{"start":{"line":12,"column":18},"end":{"line":12,"column":47}},"type":"binary-expr","locations":[{"start":{"line":12,"column":18},"end":{"line":12,"column":41}},{"start":{"line":12,"column":45},"end":{"line":12,"column":47}}]},"2":{"loc":{"start":{"line":26,"column":4},"end":{"line":29,"column":5}},"type":"if","locations":[{"start":{"line":26,"column":4},"end":{"line":29,"column":5}},{"start":{},"end":{}}]}},"s":{"0":4,"1":4,"2":4,"3":4,"4":4,"5":1,"6":1,"7":1,"8":1,"9":1,"10":1,"11":0,"12":0,"13":0,"14":0,"15":0,"16":0,"17":0,"18":0,"19":0,"20":0,"21":0},"f":{"0":1,"1":0},"b":{"0":[1,1],"1":[1,1],"2":[0,0]}}
,"C:\\Users\\kuhna\\OneDrive\\Desktop\\SIMgameFiles\\VisualStudio\\FrontendMonorepo\\backend\\src\\controllers\\userController.ts": {"path":"C:\\Users\\kuhna\\OneDrive\\Desktop\\SIMgameFiles\\VisualStudio\\FrontendMonorepo\\backend\\src\\controllers\\userController.ts","statementMap":{"0":{"start":{"line":8,"column":0},"end":{"line":8,"column":7}},"1":{"start":{"line":3,"column":0},"end":{"line":3,"column":50}},"2":{"start":{"line":4,"column":0},"end":{"line":4,"column":37}},"3":{"start":{"line":9,"column":2},"end":{"line":15,"column":3}},"4":{"start":{"line":10,"column":18},"end":{"line":10,"column":37}},"5":{"start":{"line":11,"column":4},"end":{"line":11,"column":20}},"6":{"start":{"line":13,"column":4},"end":{"line":13,"column":51}},"7":{"start":{"line":14,"column":4},"end":{"line":14,"column":61}}},"fnMap":{"0":{"name":"getUsers","decl":{"start":{"line":8,"column":22},"end":{"line":8,"column":30}},"loc":{"start":{"line":8,"column":58},"end":{"line":16,"column":1}}}},"branchMap":{},"s":{"0":4,"1":4,"2":4,"3":1,"4":1,"5":1,"6":0,"7":0},"f":{"0":1},"b":{}}
,"C:\\Users\\kuhna\\OneDrive\\Desktop\\SIMgameFiles\\VisualStudio\\FrontendMonorepo\\backend\\src\\middleware\\auditLogger.ts": {"path":"C:\\Users\\kuhna\\OneDrive\\Desktop\\SIMgameFiles\\VisualStudio\\FrontendMonorepo\\backend\\src\\middleware\\auditLogger.ts","statementMap":{"0":{"start":{"line":5,"column":0},"end":{"line":5,"column":16}},"1":{"start":{"line":1,"column":0},"end":{"line":1,"column":37}},"2":{"start":{"line":7,"column":2},"end":{"line":12,"column":18}},"3":{"start":{"line":13,"column":2},"end":{"line":13,"column":9}}},"fnMap":{"0":{"name":"auditLogger","decl":{"start":{"line":5,"column":16},"end":{"line":5,"column":27}},"loc":{"start":{"line":5,"column":79},"end":{"line":14,"column":1}}}},"branchMap":{},"s":{"0":4,"1":4,"2":8,"3":8},"f":{"0":8},"b":{}}
,"C:\\Users\\kuhna\\OneDrive\\Desktop\\SIMgameFiles\\VisualStudio\\FrontendMonorepo\\backend\\src\\middleware\\auth.ts": {"path":"C:\\Users\\kuhna\\OneDrive\\Desktop\\SIMgameFiles\\VisualStudio\\FrontendMonorepo\\backend\\src\\middleware\\auth.ts","statementMap":{"0":{"start":{"line":7,"column":0},"end":{"line":7,"column":16}},"1":{"start":{"line":2,"column":0},"end":{"line":2,"column":31}},"2":{"start":{"line":8,"column":21},"end":{"line":8,"column":46}},"3":{"start":{"line":9,"column":2},"end":{"line":24,"column":3}},"4":{"start":{"line":10,"column":18},"end":{"line":10,"column":42}},"5":{"start":{"line":11,"column":4},"end":{"line":21,"column":7}},"6":{"start":{"line":12,"column":6},"end":{"line":14,"column":7}},"7":{"start":{"line":13,"column":8},"end":{"line":13,"column":35}},"8":{"start":{"line":15,"column":23},"end":{"line":15,"column":76}},"9":{"start":{"line":16,"column":6},"end":{"line":19,"column":8}},"10":{"start":{"line":20,"column":6},"end":{"line":20,"column":13}},"11":{"start":{"line":23,"column":4},"end":{"line":23,"column":24}}},"fnMap":{"0":{"name":"authenticateJWT","decl":{"start":{"line":7,"column":16},"end":{"line":7,"column":31}},"loc":{"start":{"line":7,"column":83},"end":{"line":25,"column":1}}},"1":{"name":"(anonymous_2)","decl":{"start":{"line":11,"column":56},"end":{"line":11,"column":57}},"loc":{"start":{"line":11,"column":70},"end":{"line":21,"column":5}}}},"branchMap":{"0":{"loc":{"start":{"line":9,"column":2},"end":{"line":24,"column":3}},"type":"if","locations":[{"start":{"line":9,"column":2},"end":{"line":24,"column":3}},{"start":{"line":22,"column":9},"end":{"line":24,"column":3}}]},"1":{"loc":{"start":{"line":12,"column":6},"end":{"line":14,"column":7}},"type":"if","locations":[{"start":{"line":12,"column":6},"end":{"line":14,"column":7}},{"start":{},"end":{}}]},"2":{"loc":{"start":{"line":15,"column":23},"end":{"line":15,"column":76}},"type":"cond-expr","locations":[{"start":{"line":15,"column":67},"end":{"line":15,"column":71}},{"start":{"line":15,"column":74},"end":{"line":15,"column":76}}]},"3":{"loc":{"start":{"line":15,"column":23},"end":{"line":15,"column":64}},"type":"binary-expr","locations":[{"start":{"line":15,"column":23},"end":{"line":15,"column":47}},{"start":{"line":15,"column":51},"end":{"line":15,"column":64}}]},"4":{"loc":{"start":{"line":18,"column":19},"end":{"line":18,"column":35}},"type":"binary-expr","locations":[{"start":{"line":18,"column":19},"end":{"line":18,"column":29}},{"start":{"line":18,"column":33},"end":{"line":18,"column":35}}]}},"s":{"0":4,"1":4,"2":4,"3":4,"4":4,"5":4,"6":4,"7":0,"8":4,"9":4,"10":4,"11":0},"f":{"0":4,"1":4},"b":{"0":[4,0],"1":[0,4],"2":[4,0],"3":[4,4],"4":[4,0]}}
,"C:\\Users\\kuhna\\OneDrive\\Desktop\\SIMgameFiles\\VisualStudio\\FrontendMonorepo\\backend\\src\\middleware\\cors.ts": {"path":"C:\\Users\\kuhna\\OneDrive\\Desktop\\SIMgameFiles\\VisualStudio\\FrontendMonorepo\\backend\\src\\middleware\\cors.ts","statementMap":{"0":{"start":{"line":1,"column":0},"end":{"line":1,"column":24}},"1":{"start":{"line":3,"column":13},"end":{"line":10,"column":3}}},"fnMap":{},"branchMap":{},"s":{"0":4,"1":4},"f":{},"b":{}}
,"C:\\Users\\kuhna\\OneDrive\\Desktop\\SIMgameFiles\\VisualStudio\\FrontendMonorepo\\backend\\src\\middleware\\i18n.ts": {"path":"C:\\Users\\kuhna\\OneDrive\\Desktop\\SIMgameFiles\\VisualStudio\\FrontendMonorepo\\backend\\src\\middleware\\i18n.ts","statementMap":{"0":{"start":{"line":1,"column":0},"end":{"line":1,"column":30}},"1":{"start":{"line":2,"column":0},"end":{"line":2,"column":41}},"2":{"start":{"line":3,"column":0},"end":{"line":3,"column":49}},"3":{"start":{"line":4,"column":0},"end":{"line":4,"column":24}},"4":{"start":{"line":7,"column":0},"end":{"line":15,"column":1}},"5":{"start":{"line":8,"column":2},"end":{"line":14,"column":5}},"6":{"start":{"line":17,"column":39},"end":{"line":17,"column":67}},"7":{"start":{"line":17,"column":61},"end":{"line":17,"column":67}},"8":{"start":{"line":19,"column":0},"end":{"line":21,"column":31}}},"fnMap":{"0":{"name":"(anonymous_1)","decl":{"start":{"line":17,"column":39},"end":{"line":17,"column":40}},"loc":{"start":{"line":17,"column":61},"end":{"line":17,"column":67}}}},"branchMap":{"0":{"loc":{"start":{"line":7,"column":0},"end":{"line":15,"column":1}},"type":"if","locations":[{"start":{"line":7,"column":0},"end":{"line":15,"column":1}},{"start":{},"end":{}}]},"1":{"loc":{"start":{"line":19,"column":15},"end":{"line":21,"column":30}},"type":"cond-expr","locations":[{"start":{"line":20,"column":4},"end":{"line":20,"column":18}},{"start":{"line":21,"column":4},"end":{"line":21,"column":30}}]}},"s":{"0":4,"1":4,"2":4,"3":4,"4":4,"5":0,"6":4,"7":8,"8":4},"f":{"0":8},"b":{"0":[0,4],"1":[4,0]}}
,"C:\\Users\\kuhna\\OneDrive\\Desktop\\SIMgameFiles\\VisualStudio\\FrontendMonorepo\\backend\\src\\middleware\\rbac.ts": {"path":"C:\\Users\\kuhna\\OneDrive\\Desktop\\SIMgameFiles\\VisualStudio\\FrontendMonorepo\\backend\\src\\middleware\\rbac.ts","statementMap":{"0":{"start":{"line":4,"column":0},"end":{"line":4,"column":16}},"1":{"start":{"line":14,"column":0},"end":{"line":14,"column":16}},"2":{"start":{"line":5,"column":2},"end":{"line":11,"column":4}},"3":{"start":{"line":6,"column":17},"end":{"line":6,"column":25}},"4":{"start":{"line":7,"column":4},"end":{"line":9,"column":5}},"5":{"start":{"line":8,"column":6},"end":{"line":8,"column":58}},"6":{"start":{"line":10,"column":4},"end":{"line":10,"column":11}},"7":{"start":{"line":15,"column":2},"end":{"line":21,"column":4}},"8":{"start":{"line":16,"column":17},"end":{"line":16,"column":25}},"9":{"start":{"line":17,"column":4},"end":{"line":19,"column":5}},"10":{"start":{"line":18,"column":6},"end":{"line":18,"column":58}},"11":{"start":{"line":20,"column":4},"end":{"line":20,"column":11}}},"fnMap":{"0":{"name":"authorizeRoles","decl":{"start":{"line":4,"column":16},"end":{"line":4,"column":30}},"loc":{"start":{"line":4,"column":49},"end":{"line":12,"column":1}}},"1":{"name":"(anonymous_1)","decl":{"start":{"line":5,"column":9},"end":{"line":5,"column":10}},"loc":{"start":{"line":5,"column":65},"end":{"line":11,"column":3}}},"2":{"name":"requireRole","decl":{"start":{"line":14,"column":16},"end":{"line":14,"column":27}},"loc":{"start":{"line":14,"column":43},"end":{"line":22,"column":1}}},"3":{"name":"(anonymous_3)","decl":{"start":{"line":15,"column":9},"end":{"line":15,"column":10}},"loc":{"start":{"line":15,"column":65},"end":{"line":21,"column":3}}}},"branchMap":{"0":{"loc":{"start":{"line":7,"column":4},"end":{"line":9,"column":5}},"type":"if","locations":[{"start":{"line":7,"column":4},"end":{"line":9,"column":5}},{"start":{},"end":{}}]},"1":{"loc":{"start":{"line":7,"column":8},"end":{"line":7,"column":43}},"type":"binary-expr","locations":[{"start":{"line":7,"column":8},"end":{"line":7,"column":13}},{"start":{"line":7,"column":17},"end":{"line":7,"column":43}}]},"2":{"loc":{"start":{"line":17,"column":4},"end":{"line":19,"column":5}},"type":"if","locations":[{"start":{"line":17,"column":4},"end":{"line":19,"column":5}},{"start":{},"end":{}}]},"3":{"loc":{"start":{"line":17,"column":8},"end":{"line":17,"column":43}},"type":"binary-expr","locations":[{"start":{"line":17,"column":8},"end":{"line":17,"column":13}},{"start":{"line":17,"column":17},"end":{"line":17,"column":43}}]}},"s":{"0":4,"1":4,"2":20,"3":4,"4":4,"5":0,"6":4,"7":0,"8":0,"9":0,"10":0,"11":0},"f":{"0":20,"1":4,"2":0,"3":0},"b":{"0":[0,4],"1":[4,4],"2":[0,0],"3":[0,0]}}
,"C:\\Users\\kuhna\\OneDrive\\Desktop\\SIMgameFiles\\VisualStudio\\FrontendMonorepo\\backend\\src\\middleware\\security.ts": {"path":"C:\\Users\\kuhna\\OneDrive\\Desktop\\SIMgameFiles\\VisualStudio\\FrontendMonorepo\\backend\\src\\middleware\\security.ts","statementMap":{"0":{"start":{"line":15,"column":0},"end":{"line":15,"column":16}},"1":{"start":{"line":1,"column":0},"end":{"line":1,"column":28}},"2":{"start":{"line":2,"column":0},"end":{"line":2,"column":43}},"3":{"start":{"line":5,"column":13},"end":{"line":5,"column":40}},"4":{"start":{"line":7,"column":13},"end":{"line":12,"column":3}},"5":{"start":{"line":17,"column":2},"end":{"line":17,"column":9}}},"fnMap":{"0":{"name":"require2FA","decl":{"start":{"line":15,"column":16},"end":{"line":15,"column":26}},"loc":{"start":{"line":15,"column":74},"end":{"line":18,"column":1}}}},"branchMap":{},"s":{"0":4,"1":4,"2":4,"3":4,"4":4,"5":0},"f":{"0":0},"b":{}}
,"C:\\Users\\kuhna\\OneDrive\\Desktop\\SIMgameFiles\\VisualStudio\\FrontendMonorepo\\backend\\src\\models\\analyticsModel.ts": {"path":"C:\\Users\\kuhna\\OneDrive\\Desktop\\SIMgameFiles\\VisualStudio\\FrontendMonorepo\\backend\\src\\models\\analyticsModel.ts","statementMap":{"0":{"start":{"line":5,"column":0},"end":{"line":5,"column":7}},"1":{"start":{"line":2,"column":0},"end":{"line":2,"column":31}},"2":{"start":{"line":6,"column":2},"end":{"line":6,"column":41}}},"fnMap":{"0":{"name":"getAnalytics","decl":{"start":{"line":5,"column":22},"end":{"line":5,"column":34}},"loc":{"start":{"line":5,"column":84},"end":{"line":7,"column":1}}}},"branchMap":{"0":{"loc":{"start":{"line":5,"column":35},"end":{"line":5,"column":84}},"type":"default-arg","locations":[{"start":{"line":5,"column":82},"end":{"line":5,"column":84}}]}},"s":{"0":4,"1":4,"2":1},"f":{"0":1},"b":{"0":[0]}}
,"C:\\Users\\kuhna\\OneDrive\\Desktop\\SIMgameFiles\\VisualStudio\\FrontendMonorepo\\backend\\src\\models\\auditModel.ts": {"path":"C:\\Users\\kuhna\\OneDrive\\Desktop\\SIMgameFiles\\VisualStudio\\FrontendMonorepo\\backend\\src\\models\\auditModel.ts","statementMap":{"0":{"start":{"line":4,"column":0},"end":{"line":4,"column":7}},"1":{"start":{"line":2,"column":0},"end":{"line":2,"column":31}},"2":{"start":{"line":5,"column":2},"end":{"line":7,"column":5}}},"fnMap":{"0":{"name":"getAuditLogs","decl":{"start":{"line":4,"column":22},"end":{"line":4,"column":34}},"loc":{"start":{"line":4,"column":34},"end":{"line":8,"column":1}}}},"branchMap":{},"s":{"0":4,"1":4,"2":1},"f":{"0":1},"b":{}}
,"C:\\Users\\kuhna\\OneDrive\\Desktop\\SIMgameFiles\\VisualStudio\\FrontendMonorepo\\backend\\src\\models\\eventModel.ts": {"path":"C:\\Users\\kuhna\\OneDrive\\Desktop\\SIMgameFiles\\VisualStudio\\FrontendMonorepo\\backend\\src\\models\\eventModel.ts","statementMap":{"0":{"start":{"line":5,"column":0},"end":{"line":5,"column":7}},"1":{"start":{"line":14,"column":0},"end":{"line":14,"column":7}},"2":{"start":{"line":2,"column":0},"end":{"line":2,"column":31}},"3":{"start":{"line":6,"column":2},"end":{"line":10,"column":5}},"4":{"start":{"line":15,"column":39},"end":{"line":15,"column":44}},"5":{"start":{"line":16,"column":2},"end":{"line":22,"column":5}}},"fnMap":{"0":{"name":"getAllEvents","decl":{"start":{"line":5,"column":22},"end":{"line":5,"column":34}},"loc":{"start":{"line":5,"column":63},"end":{"line":11,"column":1}}},"1":{"name":"createEvent","decl":{"start":{"line":14,"column":22},"end":{"line":14,"column":33}},"loc":{"start":{"line":14,"column":73},"end":{"line":23,"column":1}}}},"branchMap":{"0":{"loc":{"start":{"line":5,"column":35},"end":{"line":5,"column":63}},"type":"default-arg","locations":[{"start":{"line":5,"column":61},"end":{"line":5,"column":63}}]},"1":{"loc":{"start":{"line":5,"column":37},"end":{"line":5,"column":45}},"type":"default-arg","locations":[{"start":{"line":5,"column":44},"end":{"line":5,"column":45}}]},"2":{"loc":{"start":{"line":5,"column":47},"end":{"line":5,"column":56}},"type":"default-arg","locations":[{"start":{"line":5,"column":54},"end":{"line":5,"column":56}}]}},"s":{"0":4,"1":4,"2":4,"3":1,"4":0,"5":0},"f":{"0":1,"1":0},"b":{"0":[0],"1":[0],"2":[0]}}
,"C:\\Users\\kuhna\\OneDrive\\Desktop\\SIMgameFiles\\VisualStudio\\FrontendMonorepo\\backend\\src\\models\\userModel.ts": {"path":"C:\\Users\\kuhna\\OneDrive\\Desktop\\SIMgameFiles\\VisualStudio\\FrontendMonorepo\\backend\\src\\models\\userModel.ts","statementMap":{"0":{"start":{"line":4,"column":0},"end":{"line":4,"column":7}},"1":{"start":{"line":12,"column":0},"end":{"line":12,"column":7}},"2":{"start":{"line":18,"column":0},"end":{"line":18,"column":7}},"3":{"start":{"line":2,"column":0},"end":{"line":2,"column":31}},"4":{"start":{"line":5,"column":2},"end":{"line":9,"column":5}},"5":{"start":{"line":13,"column":2},"end":{"line":15,"column":5}},"6":{"start":{"line":19,"column":2},"end":{"line":21,"column":5}}},"fnMap":{"0":{"name":"getAllUsers","decl":{"start":{"line":4,"column":22},"end":{"line":4,"column":33}},"loc":{"start":{"line":4,"column":62},"end":{"line":10,"column":1}}},"1":{"name":"getAllUserSummaries","decl":{"start":{"line":12,"column":22},"end":{"line":12,"column":41}},"loc":{"start":{"line":12,"column":41},"end":{"line":16,"column":1}}},"2":{"name":"getUserByUsername","decl":{"start":{"line":18,"column":22},"end":{"line":18,"column":39}},"loc":{"start":{"line":18,"column":56},"end":{"line":22,"column":1}}}},"branchMap":{"0":{"loc":{"start":{"line":4,"column":34},"end":{"line":4,"column":62}},"type":"default-arg","locations":[{"start":{"line":4,"column":60},"end":{"line":4,"column":62}}]},"1":{"loc":{"start":{"line":4,"column":36},"end":{"line":4,"column":44}},"type":"default-arg","locations":[{"start":{"line":4,"column":43},"end":{"line":4,"column":44}}]},"2":{"loc":{"start":{"line":4,"column":46},"end":{"line":4,"column":55}},"type":"default-arg","locations":[{"start":{"line":4,"column":53},"end":{"line":4,"column":55}}]}},"s":{"0":4,"1":4,"2":4,"3":4,"4":1,"5":0,"6":0},"f":{"0":1,"1":0,"2":0},"b":{"0":[1],"1":[1],"2":[1]}}
,"C:\\Users\\kuhna\\OneDrive\\Desktop\\SIMgameFiles\\VisualStudio\\FrontendMonorepo\\backend\\src\\poseidon\\agent-collaboration.ts": {"path":"C:\\Users\\kuhna\\OneDrive\\Desktop\\SIMgameFiles\\VisualStudio\\FrontendMonorepo\\backend\\src\\poseidon\\agent-collaboration.ts","statementMap":{"0":{"start":{"line":13,"column":4},"end":{"line":13,"column":25}},"1":{"start":{"line":14,"column":4},"end":{"line":14,"column":29}},"2":{"start":{"line":19,"column":20},"end":{"line":19,"column":22}},"3":{"start":{"line":20,"column":4},"end":{"line":24,"column":5}},"4":{"start":{"line":20,"column":17},"end":{"line":20,"column":18}},"5":{"start":{"line":21,"column":20},"end":{"line":21,"column":55}},"6":{"start":{"line":22,"column":21},"end":{"line":22,"column":49}},"7":{"start":{"line":23,"column":6},"end":{"line":23,"column":27}},"8":{"start":{"line":25,"column":4},"end":{"line":25,"column":19}},"9":{"start":{"line":30,"column":4},"end":{"line":35,"column":6}},"10":{"start":{"line":32,"column":22},"end":{"line":32,"column":59}},"11":{"start":{"line":33,"column":8},"end":{"line":33,"column":66}},"12":{"start":{"line":33,"column":45},"end":{"line":33,"column":63}},"13":{"start":{"line":40,"column":4},"end":{"line":44,"column":5}},"14":{"start":{"line":41,"column":6},"end":{"line":43,"column":7}},"15":{"start":{"line":42,"column":8},"end":{"line":42,"column":53}},"16":{"start":{"line":8,"column":0},"end":{"line":8,"column":13}}},"fnMap":{"0":{"name":"(anonymous_0)","decl":{"start":{"line":12,"column":2},"end":{"line":12,"column":14}},"loc":{"start":{"line":12,"column":71},"end":{"line":15,"column":3}}},"1":{"name":"(anonymous_1)","decl":{"start":{"line":18,"column":2},"end":{"line":18,"column":7}},"loc":{"start":{"line":18,"column":55},"end":{"line":26,"column":3}}},"2":{"name":"(anonymous_2)","decl":{"start":{"line":29,"column":2},"end":{"line":29,"column":7}},"loc":{"start":{"line":29,"column":60},"end":{"line":36,"column":3}}},"3":{"name":"(anonymous_3)","decl":{"start":{"line":31,"column":21},"end":{"line":31,"column":22}},"loc":{"start":{"line":31,"column":36},"end":{"line":34,"column":7}}},"4":{"name":"(anonymous_4)","decl":{"start":{"line":33,"column":37},"end":{"line":33,"column":41}},"loc":{"start":{"line":33,"column":45},"end":{"line":33,"column":63}}},"5":{"name":"(anonymous_5)","decl":{"start":{"line":39,"column":2},"end":{"line":39,"column":7}},"loc":{"start":{"line":39,"column":40},"end":{"line":45,"column":3}}}},"branchMap":{"0":{"loc":{"start":{"line":41,"column":6},"end":{"line":43,"column":7}},"type":"if","locations":[{"start":{"line":41,"column":6},"end":{"line":43,"column":7}},{"start":{},"end":{}}]}},"s":{"0":1,"1":1,"2":1,"3":1,"4":1,"5":2,"6":2,"7":2,"8":1,"9":1,"10":2,"11":2,"12":2,"13":1,"14":2,"15":2,"16":1},"f":{"0":1,"1":1,"2":1,"3":2,"4":2,"5":1},"b":{"0":[2,0]}}
,"C:\\Users\\kuhna\\OneDrive\\Desktop\\SIMgameFiles\\VisualStudio\\FrontendMonorepo\\backend\\src\\poseidon\\agent.ts": {"path":"C:\\Users\\kuhna\\OneDrive\\Desktop\\SIMgameFiles\\VisualStudio\\FrontendMonorepo\\backend\\src\\poseidon\\agent.ts","statementMap":{"0":{"start":{"line":2,"column":0},"end":{"line":2,"column":44}},"1":{"start":{"line":3,"column":0},"end":{"line":3,"column":48}},"2":{"start":{"line":4,"column":0},"end":{"line":4,"column":44}},"3":{"start":{"line":5,"column":0},"end":{"line":5,"column":42}},"4":{"start":{"line":6,"column":0},"end":{"line":6,"column":45}},"5":{"start":{"line":16,"column":4},"end":{"line":16,"column":56}},"6":{"start":{"line":17,"column":26},"end":{"line":17,"column":45}},"7":{"start":{"line":18,"column":4},"end":{"line":18,"column":73}},"8":{"start":{"line":19,"column":4},"end":{"line":19,"column":40}},"9":{"start":{"line":20,"column":4},"end":{"line":20,"column":38}},"10":{"start":{"line":25,"column":20},"end":{"line":25,"column":57}},"11":{"start":{"line":26,"column":4},"end":{"line":26,"column":52}},"12":{"start":{"line":31,"column":4},"end":{"line":31,"column":76}},"13":{"start":{"line":36,"column":4},"end":{"line":36,"column":33}},"14":{"start":{"line":9,"column":0},"end":{"line":9,"column":13}}},"fnMap":{"0":{"name":"(anonymous_0)","decl":{"start":{"line":15,"column":2},"end":{"line":15,"column":14}},"loc":{"start":{"line":15,"column":43},"end":{"line":21,"column":3}}},"1":{"name":"(anonymous_1)","decl":{"start":{"line":24,"column":2},"end":{"line":24,"column":7}},"loc":{"start":{"line":24,"column":54},"end":{"line":27,"column":3}}},"2":{"name":"(anonymous_2)","decl":{"start":{"line":30,"column":2},"end":{"line":30,"column":7}},"loc":{"start":{"line":30,"column":33},"end":{"line":32,"column":3}}},"3":{"name":"(anonymous_3)","decl":{"start":{"line":35,"column":2},"end":{"line":35,"column":7}},"loc":{"start":{"line":35,"column":17},"end":{"line":37,"column":3}}}},"branchMap":{"0":{"loc":{"start":{"line":30,"column":17},"end":{"line":30,"column":33}},"type":"default-arg","locations":[{"start":{"line":30,"column":30},"end":{"line":30,"column":33}}]}},"s":{"0":9,"1":9,"2":9,"3":9,"4":9,"5":6,"6":6,"7":6,"8":6,"9":6,"10":8,"11":8,"12":0,"13":0,"14":9},"f":{"0":6,"1":8,"2":0,"3":0},"b":{"0":[0]}}
,"C:\\Users\\kuhna\\OneDrive\\Desktop\\SIMgameFiles\\VisualStudio\\FrontendMonorepo\\backend\\src\\poseidon\\ai-integrations.ts": {"path":"C:\\Users\\kuhna\\OneDrive\\Desktop\\SIMgameFiles\\VisualStudio\\FrontendMonorepo\\backend\\src\\poseidon\\ai-integrations.ts","statementMap":{"0":{"start":{"line":5,"column":0},"end":{"line":5,"column":7}},"1":{"start":{"line":13,"column":0},"end":{"line":13,"column":7}},"2":{"start":{"line":24,"column":0},"end":{"line":24,"column":7}},"3":{"start":{"line":32,"column":0},"end":{"line":32,"column":7}},"4":{"start":{"line":42,"column":0},"end":{"line":42,"column":7}},"5":{"start":{"line":3,"column":0},"end":{"line":3,"column":26}},"6":{"start":{"line":6,"column":14},"end":{"line":6,"column":39}},"7":{"start":{"line":7,"column":14},"end":{"line":7,"column":39}},"8":{"start":{"line":8,"column":2},"end":{"line":8,"column":68}},"9":{"start":{"line":8,"column":20},"end":{"line":8,"column":68}},"10":{"start":{"line":9,"column":19},"end":{"line":9,"column":109}},"11":{"start":{"line":10,"column":2},"end":{"line":10,"column":18}},"12":{"start":{"line":14,"column":14},"end":{"line":14,"column":40}},"13":{"start":{"line":15,"column":14},"end":{"line":15,"column":40}},"14":{"start":{"line":16,"column":2},"end":{"line":16,"column":69}},"15":{"start":{"line":16,"column":20},"end":{"line":16,"column":69}},"16":{"start":{"line":17,"column":19},"end":{"line":20,"column":55}},"17":{"start":{"line":21,"column":2},"end":{"line":21,"column":45}},"18":{"start":{"line":25,"column":14},"end":{"line":25,"column":44}},"19":{"start":{"line":26,"column":14},"end":{"line":26,"column":44}},"20":{"start":{"line":27,"column":2},"end":{"line":27,"column":73}},"21":{"start":{"line":27,"column":20},"end":{"line":27,"column":73}},"22":{"start":{"line":28,"column":19},"end":{"line":28,"column":86}},"23":{"start":{"line":29,"column":2},"end":{"line":29,"column":18}},"24":{"start":{"line":33,"column":14},"end":{"line":33,"column":39}},"25":{"start":{"line":34,"column":14},"end":{"line":34,"column":39}},"26":{"start":{"line":35,"column":2},"end":{"line":35,"column":68}},"27":{"start":{"line":35,"column":20},"end":{"line":35,"column":68}},"28":{"start":{"line":36,"column":19},"end":{"line":38,"column":4}},"29":{"start":{"line":39,"column":2},"end":{"line":39,"column":39}},"30":{"start":{"line":43,"column":14},"end":{"line":43,"column":45}},"31":{"start":{"line":44,"column":14},"end":{"line":44,"column":45}},"32":{"start":{"line":45,"column":2},"end":{"line":45,"column":74}},"33":{"start":{"line":45,"column":20},"end":{"line":45,"column":74}},"34":{"start":{"line":46,"column":19},"end":{"line":49,"column":25}},"35":{"start":{"line":50,"column":2},"end":{"line":50,"column":18}}},"fnMap":{"0":{"name":"generate3DAsset","decl":{"start":{"line":5,"column":22},"end":{"line":5,"column":37}},"loc":{"start":{"line":5,"column":66},"end":{"line":11,"column":1}}},"1":{"name":"runLLM","decl":{"start":{"line":13,"column":22},"end":{"line":13,"column":28}},"loc":{"start":{"line":13,"column":43},"end":{"line":22,"column":1}}},"2":{"name":"synthesizeVoice","decl":{"start":{"line":24,"column":22},"end":{"line":24,"column":37}},"loc":{"start":{"line":24,"column":50},"end":{"line":30,"column":1}}},"3":{"name":"translateText","decl":{"start":{"line":32,"column":22},"end":{"line":32,"column":35}},"loc":{"start":{"line":32,"column":68},"end":{"line":40,"column":1}}},"4":{"name":"moderateText","decl":{"start":{"line":42,"column":22},"end":{"line":42,"column":34}},"loc":{"start":{"line":42,"column":47},"end":{"line":51,"column":1}}}},"branchMap":{"0":{"loc":{"start":{"line":8,"column":2},"end":{"line":8,"column":68}},"type":"if","locations":[{"start":{"line":8,"column":2},"end":{"line":8,"column":68}},{"start":{},"end":{}}]},"1":{"loc":{"start":{"line":8,"column":6},"end":{"line":8,"column":18}},"type":"binary-expr","locations":[{"start":{"line":8,"column":6},"end":{"line":8,"column":10}},{"start":{"line":8,"column":14},"end":{"line":8,"column":18}}]},"2":{"loc":{"start":{"line":16,"column":2},"end":{"line":16,"column":69}},"type":"if","locations":[{"start":{"line":16,"column":2},"end":{"line":16,"column":69}},{"start":{},"end":{}}]},"3":{"loc":{"start":{"line":16,"column":6},"end":{"line":16,"column":18}},"type":"binary-expr","locations":[{"start":{"line":16,"column":6},"end":{"line":16,"column":10}},{"start":{"line":16,"column":14},"end":{"line":16,"column":18}}]},"4":{"loc":{"start":{"line":27,"column":2},"end":{"line":27,"column":73}},"type":"if","locations":[{"start":{"line":27,"column":2},"end":{"line":27,"column":73}},{"start":{},"end":{}}]},"5":{"loc":{"start":{"line":27,"column":6},"end":{"line":27,"column":18}},"type":"binary-expr","locations":[{"start":{"line":27,"column":6},"end":{"line":27,"column":10}},{"start":{"line":27,"column":14},"end":{"line":27,"column":18}}]},"6":{"loc":{"start":{"line":35,"column":2},"end":{"line":35,"column":68}},"type":"if","locations":[{"start":{"line":35,"column":2},"end":{"line":35,"column":68}},{"start":{},"end":{}}]},"7":{"loc":{"start":{"line":35,"column":6},"end":{"line":35,"column":18}},"type":"binary-expr","locations":[{"start":{"line":35,"column":6},"end":{"line":35,"column":10}},{"start":{"line":35,"column":14},"end":{"line":35,"column":18}}]},"8":{"loc":{"start":{"line":45,"column":2},"end":{"line":45,"column":74}},"type":"if","locations":[{"start":{"line":45,"column":2},"end":{"line":45,"column":74}},{"start":{},"end":{}}]},"9":{"loc":{"start":{"line":45,"column":6},"end":{"line":45,"column":18}},"type":"binary-expr","locations":[{"start":{"line":45,"column":6},"end":{"line":45,"column":10}},{"start":{"line":45,"column":14},"end":{"line":45,"column":18}}]}},"s":{"0":5,"1":5,"2":5,"3":5,"4":5,"5":5,"6":0,"7":0,"8":0,"9":0,"10":0,"11":0,"12":0,"13":0,"14":0,"15":0,"16":0,"17":0,"18":0,"19":0,"20":0,"21":0,"22":0,"23":0,"24":0,"25":0,"26":0,"27":0,"28":0,"29":0,"30":0,"31":0,"32":0,"33":0,"34":0,"35":0},"f":{"0":0,"1":0,"2":0,"3":0,"4":0},"b":{"0":[0,0],"1":[0,0],"2":[0,0],"3":[0,0],"4":[0,0],"5":[0,0],"6":[0,0],"7":[0,0],"8":[0,0],"9":[0,0]}}
,"C:\\Users\\kuhna\\OneDrive\\Desktop\\SIMgameFiles\\VisualStudio\\FrontendMonorepo\\backend\\src\\poseidon\\audit.ts": {"path":"C:\\Users\\kuhna\\OneDrive\\Desktop\\SIMgameFiles\\VisualStudio\\FrontendMonorepo\\backend\\src\\poseidon\\audit.ts","statementMap":{"0":{"start":{"line":42,"column":0},"end":{"line":42,"column":16}},"1":{"start":{"line":15,"column":10},"end":{"line":15,"column":37}},"2":{"start":{"line":18,"column":4},"end":{"line":18,"column":26}},"3":{"start":{"line":22,"column":4},"end":{"line":22,"column":50}},"4":{"start":{"line":22,"column":33},"end":{"line":22,"column":48}},"5":{"start":{"line":26,"column":4},"end":{"line":26,"column":62}},"6":{"start":{"line":26,"column":33},"end":{"line":26,"column":60}},"7":{"start":{"line":30,"column":4},"end":{"line":30,"column":26}},"8":{"start":{"line":14,"column":0},"end":{"line":14,"column":13}},"9":{"start":{"line":43,"column":63},"end":{"line":48,"column":4}},"10":{"start":{"line":49,"column":2},"end":{"line":49,"column":53}}},"fnMap":{"0":{"name":"(anonymous_0)","decl":{"start":{"line":14,"column":0},"end":{"line":14,"column":13}},"loc":{"start":{"line":14,"column":0},"end":{"line":32,"column":1}}},"1":{"name":"(anonymous_1)","decl":{"start":{"line":17,"column":2},"end":{"line":17,"column":5}},"loc":{"start":{"line":17,"column":26},"end":{"line":19,"column":3}}},"2":{"name":"(anonymous_2)","decl":{"start":{"line":21,"column":2},"end":{"line":21,"column":15}},"loc":{"start":{"line":21,"column":28},"end":{"line":23,"column":3}}},"3":{"name":"(anonymous_3)","decl":{"start":{"line":22,"column":28},"end":{"line":22,"column":29}},"loc":{"start":{"line":22,"column":33},"end":{"line":22,"column":48}}},"4":{"name":"(anonymous_4)","decl":{"start":{"line":25,"column":2},"end":{"line":25,"column":17}},"loc":{"start":{"line":25,"column":45},"end":{"line":27,"column":3}}},"5":{"name":"(anonymous_5)","decl":{"start":{"line":26,"column":28},"end":{"line":26,"column":29}},"loc":{"start":{"line":26,"column":33},"end":{"line":26,"column":60}}},"6":{"name":"(anonymous_6)","decl":{"start":{"line":29,"column":2},"end":{"line":29,"column":12}},"loc":{"start":{"line":29,"column":12},"end":{"line":31,"column":3}}},"7":{"name":"canPerformAction","decl":{"start":{"line":42,"column":16},"end":{"line":42,"column":32}},"loc":{"start":{"line":42,"column":68},"end":{"line":50,"column":1}}}},"branchMap":{},"s":{"0":1,"1":3,"2":5,"3":1,"4":1,"5":1,"6":2,"7":1,"8":1,"9":6,"10":6},"f":{"0":3,"1":5,"2":1,"3":1,"4":1,"5":2,"6":1,"7":6},"b":{}}
,"C:\\Users\\kuhna\\OneDrive\\Desktop\\SIMgameFiles\\VisualStudio\\FrontendMonorepo\\backend\\src\\poseidon\\automation-pipeline.ts": {"path":"C:\\Users\\kuhna\\OneDrive\\Desktop\\SIMgameFiles\\VisualStudio\\FrontendMonorepo\\backend\\src\\poseidon\\automation-pipeline.ts","statementMap":{"0":{"start":{"line":23,"column":4},"end":{"line":40,"column":5}},"1":{"start":{"line":25,"column":6},"end":{"line":25,"column":73}},"2":{"start":{"line":27,"column":6},"end":{"line":27,"column":77}},"3":{"start":{"line":29,"column":6},"end":{"line":29,"column":73}},"4":{"start":{"line":31,"column":6},"end":{"line":31,"column":66}},"5":{"start":{"line":33,"column":6},"end":{"line":33,"column":93}},"6":{"start":{"line":35,"column":6},"end":{"line":35,"column":76}},"7":{"start":{"line":37,"column":6},"end":{"line":37,"column":80}},"8":{"start":{"line":39,"column":6},"end":{"line":39,"column":42}},"9":{"start":{"line":46,"column":4},"end":{"line":46,"column":65}},"10":{"start":{"line":46,"column":53},"end":{"line":46,"column":65}},"11":{"start":{"line":47,"column":4},"end":{"line":47,"column":72}},"12":{"start":{"line":47,"column":60},"end":{"line":47,"column":72}},"13":{"start":{"line":48,"column":4},"end":{"line":48,"column":74}},"14":{"start":{"line":48,"column":62},"end":{"line":48,"column":74}},"15":{"start":{"line":49,"column":4},"end":{"line":49,"column":17}},"16":{"start":{"line":20,"column":0},"end":{"line":20,"column":13}}},"fnMap":{"0":{"name":"(anonymous_0)","decl":{"start":{"line":21,"column":2},"end":{"line":21,"column":7}},"loc":{"start":{"line":21,"column":36},"end":{"line":41,"column":3}}},"1":{"name":"(anonymous_1)","decl":{"start":{"line":44,"column":2},"end":{"line":44,"column":8}},"loc":{"start":{"line":44,"column":66},"end":{"line":50,"column":3}}}},"branchMap":{"0":{"loc":{"start":{"line":23,"column":4},"end":{"line":40,"column":5}},"type":"switch","locations":[{"start":{"line":24,"column":4},"end":{"line":25,"column":73}},{"start":{"line":26,"column":4},"end":{"line":27,"column":77}},{"start":{"line":28,"column":4},"end":{"line":29,"column":73}},{"start":{"line":30,"column":4},"end":{"line":31,"column":66}},{"start":{"line":32,"column":4},"end":{"line":33,"column":93}},{"start":{"line":34,"column":4},"end":{"line":35,"column":76}},{"start":{"line":36,"column":4},"end":{"line":37,"column":80}},{"start":{"line":38,"column":4},"end":{"line":39,"column":42}}]},"1":{"loc":{"start":{"line":46,"column":4},"end":{"line":46,"column":65}},"type":"if","locations":[{"start":{"line":46,"column":4},"end":{"line":46,"column":65}},{"start":{},"end":{}}]},"2":{"loc":{"start":{"line":46,"column":8},"end":{"line":46,"column":51}},"type":"binary-expr","locations":[{"start":{"line":46,"column":8},"end":{"line":46,"column":31}},{"start":{"line":46,"column":35},"end":{"line":46,"column":51}}]},"3":{"loc":{"start":{"line":47,"column":4},"end":{"line":47,"column":72}},"type":"if","locations":[{"start":{"line":47,"column":4},"end":{"line":47,"column":72}},{"start":{},"end":{}}]},"4":{"loc":{"start":{"line":47,"column":8},"end":{"line":47,"column":58}},"type":"binary-expr","locations":[{"start":{"line":47,"column":8},"end":{"line":47,"column":38}},{"start":{"line":47,"column":42},"end":{"line":47,"column":58}}]},"5":{"loc":{"start":{"line":48,"column":4},"end":{"line":48,"column":74}},"type":"if","locations":[{"start":{"line":48,"column":4},"end":{"line":48,"column":74}},{"start":{},"end":{}}]},"6":{"loc":{"start":{"line":48,"column":8},"end":{"line":48,"column":60}},"type":"binary-expr","locations":[{"start":{"line":48,"column":8},"end":{"line":48,"column":38}},{"start":{"line":48,"column":42},"end":{"line":48,"column":60}}]}},"s":{"0":4,"1":1,"2":1,"3":0,"4":1,"5":1,"6":0,"7":0,"8":0,"9":3,"10":1,"11":2,"12":0,"13":2,"14":1,"15":1,"16":1},"f":{"0":4,"1":3},"b":{"0":[1,1,0,1,1,0,0,0],"1":[1,2],"2":[3,1],"3":[0,2],"4":[2,1],"5":[1,1],"6":[2,1]}}
,"C:\\Users\\kuhna\\OneDrive\\Desktop\\SIMgameFiles\\VisualStudio\\FrontendMonorepo\\backend\\src\\poseidon\\backend-monitor.ts": {"path":"C:\\Users\\kuhna\\OneDrive\\Desktop\\SIMgameFiles\\VisualStudio\\FrontendMonorepo\\backend\\src\\poseidon\\backend-monitor.ts","statementMap":{"0":{"start":{"line":12,"column":10},"end":{"line":12,"column":32}},"1":{"start":{"line":15,"column":4},"end":{"line":15,"column":26}},"2":{"start":{"line":19,"column":19},"end":{"line":19,"column":61}},"3":{"start":{"line":19,"column":41},"end":{"line":19,"column":60}},"4":{"start":{"line":20,"column":4},"end":{"line":20,"column":49}},"5":{"start":{"line":24,"column":19},"end":{"line":24,"column":61}},"6":{"start":{"line":24,"column":41},"end":{"line":24,"column":60}},"7":{"start":{"line":25,"column":4},"end":{"line":25,"column":52}},"8":{"start":{"line":25,"column":29},"end":{"line":25,"column":52}},"9":{"start":{"line":26,"column":4},"end":{"line":26,"column":94}},"10":{"start":{"line":31,"column":4},"end":{"line":31,"column":95}},"11":{"start":{"line":31,"column":28},"end":{"line":31,"column":47}},"12":{"start":{"line":31,"column":50},"end":{"line":31,"column":95}},"13":{"start":{"line":32,"column":4},"end":{"line":32,"column":30}},"14":{"start":{"line":11,"column":0},"end":{"line":11,"column":13}}},"fnMap":{"0":{"name":"(anonymous_0)","decl":{"start":{"line":11,"column":0},"end":{"line":11,"column":13}},"loc":{"start":{"line":11,"column":0},"end":{"line":34,"column":1}}},"1":{"name":"(anonymous_1)","decl":{"start":{"line":14,"column":2},"end":{"line":14,"column":11}},"loc":{"start":{"line":14,"column":27},"end":{"line":16,"column":3}}},"2":{"name":"(anonymous_2)","decl":{"start":{"line":18,"column":2},"end":{"line":18,"column":16}},"loc":{"start":{"line":18,"column":16},"end":{"line":21,"column":3}}},"3":{"name":"(anonymous_3)","decl":{"start":{"line":19,"column":36},"end":{"line":19,"column":37}},"loc":{"start":{"line":19,"column":41},"end":{"line":19,"column":60}}},"4":{"name":"(anonymous_4)","decl":{"start":{"line":23,"column":2},"end":{"line":23,"column":20}},"loc":{"start":{"line":23,"column":20},"end":{"line":27,"column":3}}},"5":{"name":"(anonymous_5)","decl":{"start":{"line":24,"column":36},"end":{"line":24,"column":37}},"loc":{"start":{"line":24,"column":41},"end":{"line":24,"column":60}}},"6":{"name":"(anonymous_6)","decl":{"start":{"line":29,"column":2},"end":{"line":29,"column":14}},"loc":{"start":{"line":29,"column":14},"end":{"line":33,"column":3}}},"7":{"name":"(anonymous_7)","decl":{"start":{"line":31,"column":23},"end":{"line":31,"column":24}},"loc":{"start":{"line":31,"column":28},"end":{"line":31,"column":47}}}},"branchMap":{"0":{"loc":{"start":{"line":25,"column":4},"end":{"line":25,"column":52}},"type":"if","locations":[{"start":{"line":25,"column":4},"end":{"line":25,"column":52}},{"start":{},"end":{}}]},"1":{"loc":{"start":{"line":31,"column":4},"end":{"line":31,"column":95}},"type":"if","locations":[{"start":{"line":31,"column":4},"end":{"line":31,"column":95}},{"start":{},"end":{}}]}},"s":{"0":5,"1":6,"2":1,"3":2,"4":1,"5":2,"6":2,"7":2,"8":0,"9":2,"10":2,"11":2,"12":1,"13":1,"14":6},"f":{"0":5,"1":6,"2":1,"3":2,"4":2,"5":2,"6":2,"7":2},"b":{"0":[0,2],"1":[1,1]}}
,"C:\\Users\\kuhna\\OneDrive\\Desktop\\SIMgameFiles\\VisualStudio\\FrontendMonorepo\\backend\\src\\poseidon\\code-tool.ts": {"path":"C:\\Users\\kuhna\\OneDrive\\Desktop\\SIMgameFiles\\VisualStudio\\FrontendMonorepo\\backend\\src\\poseidon\\code-tool.ts","statementMap":{"0":{"start":{"line":2,"column":0},"end":{"line":2,"column":37}},"1":{"start":{"line":3,"column":0},"end":{"line":3,"column":33}},"2":{"start":{"line":6,"column":18},"end":{"line":6,"column":33}},"3":{"start":{"line":10,"column":4},"end":{"line":15,"column":5}},"4":{"start":{"line":11,"column":33},"end":{"line":11,"column":74}},"5":{"start":{"line":12,"column":6},"end":{"line":12,"column":56}},"6":{"start":{"line":14,"column":6},"end":{"line":14,"column":65}},"7":{"start":{"line":19,"column":4},"end":{"line":24,"column":5}},"8":{"start":{"line":20,"column":33},"end":{"line":20,"column":76}},"9":{"start":{"line":21,"column":6},"end":{"line":21,"column":56}},"10":{"start":{"line":23,"column":6},"end":{"line":23,"column":65}},"11":{"start":{"line":28,"column":4},"end":{"line":33,"column":5}},"12":{"start":{"line":29,"column":33},"end":{"line":29,"column":91}},"13":{"start":{"line":30,"column":6},"end":{"line":30,"column":56}},"14":{"start":{"line":32,"column":6},"end":{"line":32,"column":65}},"15":{"start":{"line":8,"column":0},"end":{"line":8,"column":13}}},"fnMap":{"0":{"name":"(anonymous_0)","decl":{"start":{"line":9,"column":2},"end":{"line":9,"column":7}},"loc":{"start":{"line":9,"column":33},"end":{"line":16,"column":3}}},"1":{"name":"(anonymous_1)","decl":{"start":{"line":18,"column":2},"end":{"line":18,"column":7}},"loc":{"start":{"line":18,"column":32},"end":{"line":25,"column":3}}},"2":{"name":"(anonymous_2)","decl":{"start":{"line":27,"column":2},"end":{"line":27,"column":7}},"loc":{"start":{"line":27,"column":33},"end":{"line":34,"column":3}}}},"branchMap":{"0":{"loc":{"start":{"line":9,"column":17},"end":{"line":9,"column":33}},"type":"default-arg","locations":[{"start":{"line":9,"column":30},"end":{"line":9,"column":33}}]},"1":{"loc":{"start":{"line":18,"column":16},"end":{"line":18,"column":32}},"type":"default-arg","locations":[{"start":{"line":18,"column":29},"end":{"line":18,"column":32}}]},"2":{"loc":{"start":{"line":27,"column":17},"end":{"line":27,"column":33}},"type":"default-arg","locations":[{"start":{"line":27,"column":30},"end":{"line":27,"column":33}}]}},"s":{"0":9,"1":9,"2":9,"3":0,"4":0,"5":0,"6":0,"7":0,"8":0,"9":0,"10":0,"11":0,"12":0,"13":0,"14":0,"15":9},"f":{"0":0,"1":0,"2":0},"b":{"0":[0],"1":[0],"2":[0]}}
,"C:\\Users\\kuhna\\OneDrive\\Desktop\\SIMgameFiles\\VisualStudio\\FrontendMonorepo\\backend\\src\\poseidon\\content-autogen.ts": {"path":"C:\\Users\\kuhna\\OneDrive\\Desktop\\SIMgameFiles\\VisualStudio\\FrontendMonorepo\\backend\\src\\poseidon\\content-autogen.ts","statementMap":{"0":{"start":{"line":14,"column":4},"end":{"line":29,"column":5}},"1":{"start":{"line":16,"column":6},"end":{"line":16,"column":105}},"2":{"start":{"line":18,"column":6},"end":{"line":18,"column":111}},"3":{"start":{"line":20,"column":6},"end":{"line":20,"column":108}},"4":{"start":{"line":22,"column":6},"end":{"line":22,"column":111}},"5":{"start":{"line":24,"column":6},"end":{"line":24,"column":120}},"6":{"start":{"line":26,"column":6},"end":{"line":26,"column":108}},"7":{"start":{"line":28,"column":6},"end":{"line":28,"column":68}},"8":{"start":{"line":34,"column":4},"end":{"line":34,"column":66}},"9":{"start":{"line":11,"column":0},"end":{"line":11,"column":13}}},"fnMap":{"0":{"name":"(anonymous_0)","decl":{"start":{"line":12,"column":2},"end":{"line":12,"column":10}},"loc":{"start":{"line":12,"column":34},"end":{"line":30,"column":3}}},"1":{"name":"(anonymous_1)","decl":{"start":{"line":33,"column":2},"end":{"line":33,"column":18}},"loc":{"start":{"line":33,"column":32},"end":{"line":35,"column":3}}}},"branchMap":{"0":{"loc":{"start":{"line":14,"column":4},"end":{"line":29,"column":5}},"type":"switch","locations":[{"start":{"line":15,"column":4},"end":{"line":16,"column":105}},{"start":{"line":17,"column":4},"end":{"line":18,"column":111}},{"start":{"line":19,"column":4},"end":{"line":20,"column":108}},{"start":{"line":21,"column":4},"end":{"line":22,"column":111}},{"start":{"line":23,"column":4},"end":{"line":24,"column":120}},{"start":{"line":25,"column":4},"end":{"line":26,"column":108}},{"start":{"line":27,"column":4},"end":{"line":28,"column":68}}]}},"s":{"0":6,"1":1,"2":1,"3":1,"4":1,"5":1,"6":1,"7":0,"8":1,"9":1},"f":{"0":6,"1":1},"b":{"0":[1,1,1,1,1,1,0]}}
,"C:\\Users\\kuhna\\OneDrive\\Desktop\\SIMgameFiles\\VisualStudio\\FrontendMonorepo\\backend\\src\\poseidon\\content-pipeline.ts": {"path":"C:\\Users\\kuhna\\OneDrive\\Desktop\\SIMgameFiles\\VisualStudio\\FrontendMonorepo\\backend\\src\\poseidon\\content-pipeline.ts","statementMap":{"0":{"start":{"line":14,"column":4},"end":{"line":14,"column":70}},"1":{"start":{"line":14,"column":20},"end":{"line":14,"column":70}},"2":{"start":{"line":15,"column":4},"end":{"line":15,"column":120}},"3":{"start":{"line":15,"column":57},"end":{"line":15,"column":120}},"4":{"start":{"line":16,"column":4},"end":{"line":16,"column":39}},"5":{"start":{"line":21,"column":4},"end":{"line":23,"column":27}},"6":{"start":{"line":28,"column":4},"end":{"line":28,"column":58}},"7":{"start":{"line":11,"column":0},"end":{"line":11,"column":13}}},"fnMap":{"0":{"name":"(anonymous_0)","decl":{"start":{"line":12,"column":2},"end":{"line":12,"column":16}},"loc":{"start":{"line":12,"column":34},"end":{"line":17,"column":3}}},"1":{"name":"(anonymous_1)","decl":{"start":{"line":19,"column":2},"end":{"line":19,"column":13}},"loc":{"start":{"line":19,"column":56},"end":{"line":24,"column":3}}},"2":{"name":"(anonymous_2)","decl":{"start":{"line":26,"column":2},"end":{"line":26,"column":23}},"loc":{"start":{"line":26,"column":57},"end":{"line":29,"column":3}}}},"branchMap":{"0":{"loc":{"start":{"line":14,"column":4},"end":{"line":14,"column":70}},"type":"if","locations":[{"start":{"line":14,"column":4},"end":{"line":14,"column":70}},{"start":{},"end":{}}]},"1":{"loc":{"start":{"line":15,"column":4},"end":{"line":15,"column":120}},"type":"if","locations":[{"start":{"line":15,"column":4},"end":{"line":15,"column":120}},{"start":{},"end":{}}]},"2":{"loc":{"start":{"line":15,"column":8},"end":{"line":15,"column":55}},"type":"binary-expr","locations":[{"start":{"line":15,"column":8},"end":{"line":15,"column":31}},{"start":{"line":15,"column":35},"end":{"line":15,"column":55}}]},"3":{"loc":{"start":{"line":21,"column":11},"end":{"line":23,"column":26}},"type":"cond-expr","locations":[{"start":{"line":22,"column":8},"end":{"line":22,"column":21}},{"start":{"line":23,"column":8},"end":{"line":23,"column":26}}]}},"s":{"0":3,"1":0,"2":3,"3":1,"4":2,"5":1,"6":1,"7":6},"f":{"0":3,"1":1,"2":1},"b":{"0":[0,3],"1":[1,2],"2":[3,3],"3":[0,1]}}
,"C:\\Users\\kuhna\\OneDrive\\Desktop\\SIMgameFiles\\VisualStudio\\FrontendMonorepo\\backend\\src\\poseidon\\context.ts": {"path":"C:\\Users\\kuhna\\OneDrive\\Desktop\\SIMgameFiles\\VisualStudio\\FrontendMonorepo\\backend\\src\\poseidon\\context.ts","statementMap":{"0":{"start":{"line":9,"column":0},"end":{"line":9,"column":7}},"1":{"start":{"line":2,"column":0},"end":{"line":2,"column":29}},"2":{"start":{"line":10,"column":2},"end":{"line":15,"column":3}},"3":{"start":{"line":11,"column":20},"end":{"line":11,"column":56}},"4":{"start":{"line":12,"column":4},"end":{"line":12,"column":19}},"5":{"start":{"line":14,"column":4},"end":{"line":14,"column":56}}},"fnMap":{"0":{"name":"injectFileContext","decl":{"start":{"line":9,"column":22},"end":{"line":9,"column":39}},"loc":{"start":{"line":9,"column":56},"end":{"line":16,"column":1}}}},"branchMap":{},"s":{"0":2,"1":2,"2":0,"3":0,"4":0,"5":0},"f":{"0":0},"b":{}}
,"C:\\Users\\kuhna\\OneDrive\\Desktop\\SIMgameFiles\\VisualStudio\\FrontendMonorepo\\backend\\src\\poseidon\\embedding.ts": {"path":"C:\\Users\\kuhna\\OneDrive\\Desktop\\SIMgameFiles\\VisualStudio\\FrontendMonorepo\\backend\\src\\poseidon\\embedding.ts","statementMap":{"0":{"start":{"line":13,"column":0},"end":{"line":13,"column":16}},"1":{"start":{"line":4,"column":0},"end":{"line":4,"column":28}},"2":{"start":{"line":15,"column":15},"end":{"line":15,"column":64}},"3":{"start":{"line":16,"column":14},"end":{"line":16,"column":30}},"4":{"start":{"line":17,"column":20},"end":{"line":17,"column":22}},"5":{"start":{"line":18,"column":2},"end":{"line":20,"column":3}},"6":{"start":{"line":18,"column":15},"end":{"line":18,"column":16}},"7":{"start":{"line":19,"column":4},"end":{"line":19,"column":46}},"8":{"start":{"line":21,"column":2},"end":{"line":21,"column":19}}},"fnMap":{"0":{"name":"generateEmbedding","decl":{"start":{"line":13,"column":16},"end":{"line":13,"column":33}},"loc":{"start":{"line":13,"column":57},"end":{"line":22,"column":1}}}},"branchMap":{"0":{"loc":{"start":{"line":13,"column":48},"end":{"line":13,"column":57}},"type":"default-arg","locations":[{"start":{"line":13,"column":54},"end":{"line":13,"column":57}}]}},"s":{"0":2,"1":2,"2":188,"3":188,"4":188,"5":188,"6":188,"7":72192,"8":188},"f":{"0":188},"b":{"0":[188]}}
,"C:\\Users\\kuhna\\OneDrive\\Desktop\\SIMgameFiles\\VisualStudio\\FrontendMonorepo\\backend\\src\\poseidon\\feedback.ts": {"path":"C:\\Users\\kuhna\\OneDrive\\Desktop\\SIMgameFiles\\VisualStudio\\FrontendMonorepo\\backend\\src\\poseidon\\feedback.ts","statementMap":{"0":{"start":{"line":31,"column":0},"end":{"line":31,"column":16}},"1":{"start":{"line":15,"column":10},"end":{"line":15,"column":41}},"2":{"start":{"line":18,"column":4},"end":{"line":18,"column":30}},"3":{"start":{"line":22,"column":4},"end":{"line":22,"column":76}},"4":{"start":{"line":22,"column":37},"end":{"line":22,"column":74}},"5":{"start":{"line":26,"column":4},"end":{"line":26,"column":30}},"6":{"start":{"line":14,"column":0},"end":{"line":14,"column":13}},"7":{"start":{"line":32,"column":2},"end":{"line":38,"column":70}},"8":{"start":{"line":33,"column":4},"end":{"line":33,"column":55}},"9":{"start":{"line":33,"column":39},"end":{"line":33,"column":55}},"10":{"start":{"line":34,"column":4},"end":{"line":34,"column":57}},"11":{"start":{"line":34,"column":40},"end":{"line":34,"column":57}},"12":{"start":{"line":35,"column":4},"end":{"line":35,"column":59}},"13":{"start":{"line":35,"column":41},"end":{"line":35,"column":59}},"14":{"start":{"line":36,"column":4},"end":{"line":36,"column":59}},"15":{"start":{"line":36,"column":41},"end":{"line":36,"column":59}},"16":{"start":{"line":37,"column":4},"end":{"line":37,"column":15}}},"fnMap":{"0":{"name":"(anonymous_0)","decl":{"start":{"line":14,"column":0},"end":{"line":14,"column":13}},"loc":{"start":{"line":14,"column":0},"end":{"line":28,"column":1}}},"1":{"name":"(anonymous_1)","decl":{"start":{"line":17,"column":2},"end":{"line":17,"column":13}},"loc":{"start":{"line":17,"column":34},"end":{"line":19,"column":3}}},"2":{"name":"(anonymous_2)","decl":{"start":{"line":21,"column":2},"end":{"line":21,"column":20}},"loc":{"start":{"line":21,"column":44},"end":{"line":23,"column":3}}},"3":{"name":"(anonymous_3)","decl":{"start":{"line":22,"column":32},"end":{"line":22,"column":33}},"loc":{"start":{"line":22,"column":37},"end":{"line":22,"column":74}}},"4":{"name":"(anonymous_4)","decl":{"start":{"line":25,"column":2},"end":{"line":25,"column":16}},"loc":{"start":{"line":25,"column":16},"end":{"line":27,"column":3}}},"5":{"name":"learnFromFeedback","decl":{"start":{"line":31,"column":16},"end":{"line":31,"column":33}},"loc":{"start":{"line":31,"column":60},"end":{"line":39,"column":1}}},"6":{"name":"(anonymous_6)","decl":{"start":{"line":32,"column":26},"end":{"line":32,"column":27}},"loc":{"start":{"line":32,"column":37},"end":{"line":38,"column":3}}}},"branchMap":{"0":{"loc":{"start":{"line":33,"column":4},"end":{"line":33,"column":55}},"type":"if","locations":[{"start":{"line":33,"column":4},"end":{"line":33,"column":55}},{"start":{},"end":{}}]},"1":{"loc":{"start":{"line":34,"column":4},"end":{"line":34,"column":57}},"type":"if","locations":[{"start":{"line":34,"column":4},"end":{"line":34,"column":57}},{"start":{},"end":{}}]},"2":{"loc":{"start":{"line":35,"column":4},"end":{"line":35,"column":59}},"type":"if","locations":[{"start":{"line":35,"column":4},"end":{"line":35,"column":59}},{"start":{},"end":{}}]},"3":{"loc":{"start":{"line":36,"column":4},"end":{"line":36,"column":59}},"type":"if","locations":[{"start":{"line":36,"column":4},"end":{"line":36,"column":59}},{"start":{},"end":{}}]}},"s":{"0":1,"1":2,"2":3,"3":1,"4":1,"5":1,"6":1,"7":1,"8":5,"9":2,"10":5,"11":1,"12":5,"13":1,"14":5,"15":1,"16":5},"f":{"0":2,"1":3,"2":1,"3":1,"4":1,"5":1,"6":5},"b":{"0":[2,3],"1":[1,4],"2":[1,4],"3":[1,4]}}
,"C:\\Users\\kuhna\\OneDrive\\Desktop\\SIMgameFiles\\VisualStudio\\FrontendMonorepo\\backend\\src\\poseidon\\file-tool.ts": {"path":"C:\\Users\\kuhna\\OneDrive\\Desktop\\SIMgameFiles\\VisualStudio\\FrontendMonorepo\\backend\\src\\poseidon\\file-tool.ts","statementMap":{"0":{"start":{"line":2,"column":0},"end":{"line":2,"column":29}},"1":{"start":{"line":8,"column":4},"end":{"line":8,"column":42}},"2":{"start":{"line":12,"column":4},"end":{"line":12,"column":51}},"3":{"start":{"line":16,"column":4},"end":{"line":16,"column":58}},"4":{"start":{"line":20,"column":4},"end":{"line":20,"column":30}},"5":{"start":{"line":24,"column":4},"end":{"line":24,"column":31}},"6":{"start":{"line":28,"column":4},"end":{"line":28,"column":52}},"7":{"start":{"line":6,"column":0},"end":{"line":6,"column":13}}},"fnMap":{"0":{"name":"(anonymous_1)","decl":{"start":{"line":7,"column":2},"end":{"line":7,"column":7}},"loc":{"start":{"line":7,"column":33},"end":{"line":9,"column":3}}},"1":{"name":"(anonymous_2)","decl":{"start":{"line":11,"column":2},"end":{"line":11,"column":7}},"loc":{"start":{"line":11,"column":51},"end":{"line":13,"column":3}}},"2":{"name":"(anonymous_3)","decl":{"start":{"line":15,"column":2},"end":{"line":15,"column":7}},"loc":{"start":{"line":15,"column":49},"end":{"line":17,"column":3}}},"3":{"name":"(anonymous_4)","decl":{"start":{"line":19,"column":2},"end":{"line":19,"column":7}},"loc":{"start":{"line":19,"column":35},"end":{"line":21,"column":3}}},"4":{"name":"(anonymous_5)","decl":{"start":{"line":23,"column":2},"end":{"line":23,"column":7}},"loc":{"start":{"line":23,"column":42},"end":{"line":25,"column":3}}},"5":{"name":"(anonymous_6)","decl":{"start":{"line":27,"column":2},"end":{"line":27,"column":7}},"loc":{"start":{"line":27,"column":39},"end":{"line":29,"column":3}}}},"branchMap":{"0":{"loc":{"start":{"line":15,"column":37},"end":{"line":15,"column":49}},"type":"default-arg","locations":[{"start":{"line":15,"column":47},"end":{"line":15,"column":49}}]}},"s":{"0":9,"1":7,"2":7,"3":0,"4":0,"5":0,"6":0,"7":9},"f":{"0":7,"1":7,"2":0,"3":0,"4":0,"5":0},"b":{"0":[0]}}
,"C:\\Users\\kuhna\\OneDrive\\Desktop\\SIMgameFiles\\VisualStudio\\FrontendMonorepo\\backend\\src\\poseidon\\git-tool.ts": {"path":"C:\\Users\\kuhna\\OneDrive\\Desktop\\SIMgameFiles\\VisualStudio\\FrontendMonorepo\\backend\\src\\poseidon\\git-tool.ts","statementMap":{"0":{"start":{"line":2,"column":0},"end":{"line":2,"column":37}},"1":{"start":{"line":3,"column":0},"end":{"line":3,"column":33}},"2":{"start":{"line":6,"column":18},"end":{"line":6,"column":33}},"3":{"start":{"line":10,"column":31},"end":{"line":10,"column":77}},"4":{"start":{"line":11,"column":4},"end":{"line":11,"column":27}},"5":{"start":{"line":15,"column":31},"end":{"line":15,"column":72}},"6":{"start":{"line":16,"column":4},"end":{"line":16,"column":27}},"7":{"start":{"line":20,"column":4},"end":{"line":24,"column":5}},"8":{"start":{"line":21,"column":6},"end":{"line":21,"column":52}},"9":{"start":{"line":23,"column":6},"end":{"line":23,"column":35}},"10":{"start":{"line":25,"column":31},"end":{"line":25,"column":76}},"11":{"start":{"line":26,"column":4},"end":{"line":26,"column":27}},"12":{"start":{"line":8,"column":0},"end":{"line":8,"column":13}}},"fnMap":{"0":{"name":"(anonymous_0)","decl":{"start":{"line":9,"column":2},"end":{"line":9,"column":7}},"loc":{"start":{"line":9,"column":14},"end":{"line":12,"column":3}}},"1":{"name":"(anonymous_1)","decl":{"start":{"line":14,"column":2},"end":{"line":14,"column":7}},"loc":{"start":{"line":14,"column":29},"end":{"line":17,"column":3}}},"2":{"name":"(anonymous_2)","decl":{"start":{"line":19,"column":2},"end":{"line":19,"column":7}},"loc":{"start":{"line":19,"column":48},"end":{"line":27,"column":3}}}},"branchMap":{"0":{"loc":{"start":{"line":14,"column":13},"end":{"line":14,"column":29}},"type":"default-arg","locations":[{"start":{"line":14,"column":26},"end":{"line":14,"column":29}}]},"1":{"loc":{"start":{"line":20,"column":4},"end":{"line":24,"column":5}},"type":"if","locations":[{"start":{"line":20,"column":4},"end":{"line":24,"column":5}},{"start":{"line":22,"column":11},"end":{"line":24,"column":5}}]},"2":{"loc":{"start":{"line":20,"column":8},"end":{"line":20,"column":33}},"type":"binary-expr","locations":[{"start":{"line":20,"column":8},"end":{"line":20,"column":13}},{"start":{"line":20,"column":17},"end":{"line":20,"column":33}}]}},"s":{"0":9,"1":9,"2":9,"3":0,"4":0,"5":0,"6":0,"7":0,"8":0,"9":0,"10":0,"11":0,"12":9},"f":{"0":0,"1":0,"2":0},"b":{"0":[0],"1":[0,0],"2":[0,0]}}
,"C:\\Users\\kuhna\\OneDrive\\Desktop\\SIMgameFiles\\VisualStudio\\FrontendMonorepo\\backend\\src\\poseidon\\index.ts": {"path":"C:\\Users\\kuhna\\OneDrive\\Desktop\\SIMgameFiles\\VisualStudio\\FrontendMonorepo\\backend\\src\\poseidon\\index.ts","statementMap":{"0":{"start":{"line":14,"column":0},"end":{"line":14,"column":7}},"1":{"start":{"line":3,"column":0},"end":{"line":3,"column":30}},"2":{"start":{"line":4,"column":0},"end":{"line":4,"column":24}},"3":{"start":{"line":5,"column":0},"end":{"line":5,"column":44}},"4":{"start":{"line":6,"column":0},"end":{"line":6,"column":46}},"5":{"start":{"line":7,"column":0},"end":{"line":7,"column":46}},"6":{"start":{"line":8,"column":0},"end":{"line":8,"column":46}},"7":{"start":{"line":9,"column":0},"end":{"line":9,"column":48}},"8":{"start":{"line":10,"column":0},"end":{"line":10,"column":45}},"9":{"start":{"line":11,"column":0},"end":{"line":11,"column":48}},"10":{"start":{"line":15,"column":14},"end":{"line":15,"column":23}},"11":{"start":{"line":16,"column":2},"end":{"line":16,"column":26}},"12":{"start":{"line":19,"column":20},"end":{"line":21,"column":42}},"13":{"start":{"line":22,"column":46},"end":{"line":22,"column":50}},"14":{"start":{"line":23,"column":20},"end":{"line":23,"column":54}},"15":{"start":{"line":24,"column":19},"end":{"line":24,"column":39}},"16":{"start":{"line":25,"column":2},"end":{"line":28,"column":3}},"17":{"start":{"line":26,"column":22},"end":{"line":26,"column":53}},"18":{"start":{"line":27,"column":4},"end":{"line":27,"column":86}},"19":{"start":{"line":29,"column":2},"end":{"line":29,"column":59}},"20":{"start":{"line":32,"column":2},"end":{"line":66,"column":5}},"21":{"start":{"line":33,"column":58},"end":{"line":33,"column":66}},"22":{"start":{"line":34,"column":26},"end":{"line":34,"column":37}},"23":{"start":{"line":35,"column":23},"end":{"line":35,"column":68}},"24":{"start":{"line":36,"column":4},"end":{"line":44,"column":5}},"25":{"start":{"line":37,"column":6},"end":{"line":43,"column":7}},"26":{"start":{"line":38,"column":8},"end":{"line":38,"column":60}},"27":{"start":{"line":40,"column":25},"end":{"line":40,"column":73}},"28":{"start":{"line":41,"column":8},"end":{"line":41,"column":90}},"29":{"start":{"line":42,"column":8},"end":{"line":42,"column":57}},"30":{"start":{"line":45,"column":17},"end":{"line":45,"column":19}},"31":{"start":{"line":46,"column":4},"end":{"line":58,"column":5}},"32":{"start":{"line":48,"column":6},"end":{"line":48,"column":61}},"33":{"start":{"line":49,"column":6},"end":{"line":49,"column":12}},"34":{"start":{"line":51,"column":6},"end":{"line":51,"column":69}},"35":{"start":{"line":52,"column":6},"end":{"line":52,"column":12}},"36":{"start":{"line":54,"column":6},"end":{"line":54,"column":69}},"37":{"start":{"line":55,"column":6},"end":{"line":55,"column":12}},"38":{"start":{"line":57,"column":6},"end":{"line":57,"column":37}},"39":{"start":{"line":59,"column":21},"end":{"line":63,"column":6}},"40":{"start":{"line":64,"column":4},"end":{"line":64,"column":74}},"41":{"start":{"line":65,"column":4},"end":{"line":65,"column":23}},"42":{"start":{"line":69,"column":2},"end":{"line":77,"column":5}},"43":{"start":{"line":70,"column":4},"end":{"line":70,"column":100}},"44":{"start":{"line":70,"column":25},"end":{"line":70,"column":100}},"45":{"start":{"line":71,"column":28},"end":{"line":71,"column":36}},"46":{"start":{"line":72,"column":4},"end":{"line":74,"column":5}},"47":{"start":{"line":73,"column":6},"end":{"line":73,"column":98}},"48":{"start":{"line":75,"column":20},"end":{"line":75,"column":64}},"49":{"start":{"line":76,"column":4},"end":{"line":76,"column":26}},"50":{"start":{"line":79,"column":2},"end":{"line":87,"column":5}},"51":{"start":{"line":80,"column":4},"end":{"line":80,"column":100}},"52":{"start":{"line":80,"column":25},"end":{"line":80,"column":100}},"53":{"start":{"line":81,"column":31},"end":{"line":81,"column":39}},"54":{"start":{"line":82,"column":4},"end":{"line":84,"column":5}},"55":{"start":{"line":83,"column":6},"end":{"line":83,"column":101}},"56":{"start":{"line":85,"column":20},"end":{"line":85,"column":74}},"57":{"start":{"line":86,"column":4},"end":{"line":86,"column":26}},"58":{"start":{"line":89,"column":2},"end":{"line":89,"column":13}},"59":{"start":{"line":93,"column":0},"end":{"line":101,"column":1}},"60":{"start":{"line":94,"column":2},"end":{"line":100,"column":7}},"61":{"start":{"line":95,"column":16},"end":{"line":95,"column":41}},"62":{"start":{"line":96,"column":17},"end":{"line":96,"column":41}},"63":{"start":{"line":97,"column":4},"end":{"line":99,"column":7}},"64":{"start":{"line":98,"column":6},"end":{"line":98,"column":62}}},"fnMap":{"0":{"name":"createPoseidonApp","decl":{"start":{"line":14,"column":22},"end":{"line":14,"column":39}},"loc":{"start":{"line":14,"column":39},"end":{"line":90,"column":1}}},"1":{"name":"(anonymous_2)","decl":{"start":{"line":32,"column":30},"end":{"line":32,"column":35}},"loc":{"start":{"line":32,"column":49},"end":{"line":66,"column":3}}},"2":{"name":"(anonymous_3)","decl":{"start":{"line":69,"column":36},"end":{"line":69,"column":41}},"loc":{"start":{"line":69,"column":55},"end":{"line":77,"column":3}}},"3":{"name":"(anonymous_4)","decl":{"start":{"line":79,"column":43},"end":{"line":79,"column":48}},"loc":{"start":{"line":79,"column":62},"end":{"line":87,"column":3}}},"4":{"name":"(anonymous_5)","decl":{"start":{"line":94,"column":3},"end":{"line":94,"column":8}},"loc":{"start":{"line":94,"column":14},"end":{"line":100,"column":3}}},"5":{"name":"(anonymous_6)","decl":{"start":{"line":97,"column":21},"end":{"line":97,"column":24}},"loc":{"start":{"line":97,"column":26},"end":{"line":99,"column":5}}}},"branchMap":{"0":{"loc":{"start":{"line":19,"column":20},"end":{"line":21,"column":42}},"type":"cond-expr","locations":[{"start":{"line":20,"column":6},"end":{"line":20,"column":50}},{"start":{"line":21,"column":6},"end":{"line":21,"column":42}}]},"1":{"loc":{"start":{"line":36,"column":4},"end":{"line":44,"column":5}},"type":"if","locations":[{"start":{"line":36,"column":4},"end":{"line":44,"column":5}},{"start":{},"end":{}}]},"2":{"loc":{"start":{"line":40,"column":25},"end":{"line":40,"column":73}},"type":"cond-expr","locations":[{"start":{"line":40,"column":48},"end":{"line":40,"column":59}},{"start":{"line":40,"column":62},"end":{"line":40,"column":73}}]},"3":{"loc":{"start":{"line":46,"column":4},"end":{"line":58,"column":5}},"type":"switch","locations":[{"start":{"line":47,"column":4},"end":{"line":49,"column":12}},{"start":{"line":50,"column":4},"end":{"line":52,"column":12}},{"start":{"line":53,"column":4},"end":{"line":55,"column":12}},{"start":{"line":56,"column":4},"end":{"line":57,"column":37}}]},"4":{"loc":{"start":{"line":70,"column":4},"end":{"line":70,"column":100}},"type":"if","locations":[{"start":{"line":70,"column":4},"end":{"line":70,"column":100}},{"start":{},"end":{}}]},"5":{"loc":{"start":{"line":72,"column":4},"end":{"line":74,"column":5}},"type":"if","locations":[{"start":{"line":72,"column":4},"end":{"line":74,"column":5}},{"start":{},"end":{}}]},"6":{"loc":{"start":{"line":72,"column":8},"end":{"line":72,"column":60}},"type":"binary-expr","locations":[{"start":{"line":72,"column":8},"end":{"line":72,"column":14}},{"start":{"line":72,"column":18},"end":{"line":72,"column":43}},{"start":{"line":72,"column":47},"end":{"line":72,"column":60}}]},"7":{"loc":{"start":{"line":75,"column":54},"end":{"line":75,"column":63}},"type":"binary-expr","locations":[{"start":{"line":75,"column":54},"end":{"line":75,"column":58}},{"start":{"line":75,"column":62},"end":{"line":75,"column":63}}]},"8":{"loc":{"start":{"line":80,"column":4},"end":{"line":80,"column":100}},"type":"if","locations":[{"start":{"line":80,"column":4},"end":{"line":80,"column":100}},{"start":{},"end":{}}]},"9":{"loc":{"start":{"line":82,"column":4},"end":{"line":84,"column":5}},"type":"if","locations":[{"start":{"line":82,"column":4},"end":{"line":84,"column":5}},{"start":{},"end":{}}]},"10":{"loc":{"start":{"line":82,"column":8},"end":{"line":82,"column":69}},"type":"binary-expr","locations":[{"start":{"line":82,"column":8},"end":{"line":82,"column":17}},{"start":{"line":82,"column":21},"end":{"line":82,"column":49}},{"start":{"line":82,"column":53},"end":{"line":82,"column":69}}]},"11":{"loc":{"start":{"line":85,"column":64},"end":{"line":85,"column":73}},"type":"binary-expr","locations":[{"start":{"line":85,"column":64},"end":{"line":85,"column":68}},{"start":{"line":85,"column":72},"end":{"line":85,"column":73}}]},"12":{"loc":{"start":{"line":93,"column":0},"end":{"line":101,"column":1}},"type":"if","locations":[{"start":{"line":93,"column":0},"end":{"line":101,"column":1}},{"start":{},"end":{}}]},"13":{"loc":{"start":{"line":96,"column":17},"end":{"line":96,"column":41}},"type":"binary-expr","locations":[{"start":{"line":96,"column":17},"end":{"line":96,"column":33}},{"start":{"line":96,"column":37},"end":{"line":96,"column":41}}]}},"s":{"0":2,"1":2,"2":2,"3":2,"4":2,"5":2,"6":2,"7":2,"8":2,"9":2,"10":2,"11":2,"12":2,"13":2,"14":2,"15":2,"16":2,"17":186,"18":186,"19":2,"20":2,"21":4,"22":4,"23":4,"24":4,"25":0,"26":0,"27":0,"28":0,"29":0,"30":4,"31":4,"32":1,"33":1,"34":1,"35":1,"36":1,"37":1,"38":1,"39":4,"40":4,"41":4,"42":2,"43":2,"44":0,"45":2,"46":2,"47":1,"48":1,"49":1,"50":2,"51":2,"52":0,"53":2,"54":2,"55":1,"56":1,"57":1,"58":2,"59":2,"60":0,"61":0,"62":0,"63":0,"64":0},"f":{"0":2,"1":4,"2":2,"3":2,"4":0,"5":0},"b":{"0":[2,0],"1":[0,4],"2":[0,0],"3":[1,1,1,1],"4":[0,2],"5":[1,1],"6":[2,1,1],"7":[1,1],"8":[0,2],"9":[1,1],"10":[2,1,1],"11":[1,1],"12":[0,2],"13":[0,0]}}
,"C:\\Users\\kuhna\\OneDrive\\Desktop\\SIMgameFiles\\VisualStudio\\FrontendMonorepo\\backend\\src\\poseidon\\indexer.ts": {"path":"C:\\Users\\kuhna\\OneDrive\\Desktop\\SIMgameFiles\\VisualStudio\\FrontendMonorepo\\backend\\src\\poseidon\\indexer.ts","statementMap":{"0":{"start":{"line":18,"column":0},"end":{"line":18,"column":7}},"1":{"start":{"line":2,"column":0},"end":{"line":2,"column":29}},"2":{"start":{"line":3,"column":0},"end":{"line":3,"column":24}},"3":{"start":{"line":19,"column":33},"end":{"line":19,"column":35}},"4":{"start":{"line":21,"column":20},"end":{"line":21,"column":66}},"5":{"start":{"line":22,"column":4},"end":{"line":31,"column":5}},"6":{"start":{"line":23,"column":23},"end":{"line":23,"column":49}},"7":{"start":{"line":24,"column":6},"end":{"line":30,"column":7}},"8":{"start":{"line":25,"column":8},"end":{"line":25,"column":85}},"9":{"start":{"line":25,"column":76},"end":{"line":25,"column":85}},"10":{"start":{"line":26,"column":8},"end":{"line":26,"column":29}},"11":{"start":{"line":27,"column":13},"end":{"line":30,"column":7}},"12":{"start":{"line":28,"column":24},"end":{"line":28,"column":60}},"13":{"start":{"line":29,"column":8},"end":{"line":29,"column":54}},"14":{"start":{"line":33,"column":2},"end":{"line":33,"column":22}},"15":{"start":{"line":34,"column":2},"end":{"line":34,"column":17}}},"fnMap":{"0":{"name":"crawlAndIndexRepo","decl":{"start":{"line":18,"column":22},"end":{"line":18,"column":39}},"loc":{"start":{"line":18,"column":94},"end":{"line":35,"column":1}}},"1":{"name":"walk","decl":{"start":{"line":20,"column":17},"end":{"line":20,"column":21}},"loc":{"start":{"line":20,"column":33},"end":{"line":32,"column":3}}}},"branchMap":{"0":{"loc":{"start":{"line":18,"column":57},"end":{"line":18,"column":94}},"type":"default-arg","locations":[{"start":{"line":18,"column":64},"end":{"line":18,"column":94}}]},"1":{"loc":{"start":{"line":24,"column":6},"end":{"line":30,"column":7}},"type":"if","locations":[{"start":{"line":24,"column":6},"end":{"line":30,"column":7}},{"start":{"line":27,"column":13},"end":{"line":30,"column":7}}]},"2":{"loc":{"start":{"line":25,"column":8},"end":{"line":25,"column":85}},"type":"if","locations":[{"start":{"line":25,"column":8},"end":{"line":25,"column":85}},{"start":{},"end":{}}]},"3":{"loc":{"start":{"line":27,"column":13},"end":{"line":30,"column":7}},"type":"if","locations":[{"start":{"line":27,"column":13},"end":{"line":30,"column":7}},{"start":{},"end":{}}]}},"s":{"0":2,"1":2,"2":2,"3":2,"4":70,"5":70,"6":592,"7":592,"8":74,"9":6,"10":68,"11":518,"12":186,"13":186,"14":2,"15":2},"f":{"0":2,"1":70},"b":{"0":[2],"1":[74,518],"2":[6,68],"3":[186,332]}}
[...]
t":{"line":29,"column":9},"end":{"line":29,"column":27}},"loc":{"start":{"line":29,"column":42},"end":{"line":32,"column":1}}},"4":{"name":"getBackendMonitor","decl":{"start":{"line":33,"column":9},"end":{"line":33,"column":26}},"loc":{"start":{"line":33,"column":41},"end":{"line":36,"column":1}}},"5":{"name":"(anonymous_6)","decl":{"start":{"line":42,"column":38},"end":{"line":42,"column":43}},"loc":{"start":{"line":42,"column":76},"end":{"line":57,"column":1}}},"6":{"name":"(anonymous_7)","decl":{"start":{"line":59,"column":34},"end":{"line":59,"column":39}},"loc":{"start":{"line":59,"column":72},"end":{"line":105,"column":1}}}},"branchMap":{"0":{"loc":{"start":{"line":19,"column":10},"end":{"line":19,"column":60}},"type":"binary-expr","locations":[{"start":{"line":19,"column":10},"end":{"line":19,"column":47}},{"start":{"line":19,"column":51},"end":{"line":19,"column":60}}]},"1":{"loc":{"start":{"line":22,"column":2},"end":{"line":22,"column":126}},"type":"if","locations":[{"start":{"line":22,"column":2},"end":{"line":22,"column":126}},{"start":{},"end":{}}]},"2":{"loc":{"start":{"line":26,"column":2},"end":{"line":26,"column":85}},"type":"if","locations":[{"start":{"line":26,"column":2},"end":{"line":26,"column":85}},{"start":{},"end":{}}]},"3":{"loc":{"start":{"line":30,"column":2},"end":{"line":30,"column":82}},"type":"if","locations":[{"start":{"line":30,"column":2},"end":{"line":30,"column":82}},{"start":{},"end":{}}]},"4":{"loc":{"start":{"line":34,"column":2},"end":{"line":34,"column":79}},"type":"if","locations":[{"start":{"line":34,"column":2},"end":{"line":34,"column":79}},{"start":{},"end":{}}]},"5":{"loc":{"start":{"line":44,"column":17},"end":{"line":44,"column":66}},"type":"binary-expr","locations":[{"start":{"line":44,"column":17},"end":{"line":44,"column":51}},{"start":{"line":44,"column":55},"end":{"line":44,"column":66}}]},"6":{"loc":{"start":{"line":46,"column":2},"end":{"line":46,"column":77}},"type":"if","locations":[{"start":{"line":46,"column":2},"end":{"line":46,"column":77}},{"start":{},"end":{}}]},"7":{"loc":{"start":{"line":47,"column":2},"end":{"line":49,"column":3}},"type":"if","locations":[{"start":{"line":47,"column":2},"end":{"line":49,"column":3}},{"start":{},"end":{}}]},"8":{"loc":{"start":{"line":54,"column":18},"end":{"line":54,"column":73}},"type":"cond-expr","locations":[{"start":{"line":54,"column":41},"end":{"line":54,"column":44}},{"start":{"line":54,"column":47},"end":{"line":54,"column":73}}]},"9":{"loc":{"start":{"line":63,"column":4},"end":{"line":99,"column":5}},"type":"switch","locations":[{"start":{"line":64,"column":4},"end":{"line":70,"column":12}},{"start":{"line":71,"column":4},"end":{"line":77,"column":12}},{"start":{"line":78,"column":4},"end":{"line":84,"column":12}},{"start":{"line":85,"column":4},"end":{"line":96,"column":12}},{"start":{"line":97,"column":4},"end":{"line":98,"column":74}}]},"10":{"loc":{"start":{"line":65,"column":6},"end":{"line":69,"column":7}},"type":"if","locations":[{"start":{"line":65,"column":6},"end":{"line":69,"column":7}},{"start":{},"end":{}}]},"11":{"loc":{"start":{"line":72,"column":6},"end":{"line":76,"column":7}},"type":"if","locations":[{"start":{"line":72,"column":6},"end":{"line":76,"column":7}},{"start":{},"end":{}}]},"12":{"loc":{"start":{"line":79,"column":6},"end":{"line":83,"column":7}},"type":"if","locations":[{"start":{"line":79,"column":6},"end":{"line":83,"column":7}},{"start":{},"end":{}}]},"13":{"loc":{"start":{"line":86,"column":6},"end":{"line":90,"column":7}},"type":"if","locations":[{"start":{"line":86,"column":6},"end":{"line":90,"column":7}},{"start":{},"end":{}}]},"14":{"loc":{"start":{"line":91,"column":6},"end":{"line":95,"column":7}},"type":"if","locations":[{"start":{"line":91,"column":6},"end":{"line":95,"column":7}},{"start":{},"end":{}}]},"15":{"loc":{"start":{"line":102,"column":18},"end":{"line":102,"column":73}},"type":"cond-expr","locations":[{"start":{"line":102,"column":41},"end":{"line":102,"column":44}},{"start":{"line":102,"column":47},"end":{"line":102,"column":73}}]}},"s":{"0":5,"1":5,"2":5,"3":5,"4":5,"5":5,"6":5,"7":5,"8":5,"9":5,"10":5,"11":0,"12":0,"13":0,"14":1,"15":1,"16":1,"17":1,"18":1,"19":1,"20":2,"21":1,"22":2,"23":5,"24":5,"25":5,"26":27,"27":27,"28":27,"29":27,"30":1,"31":26,"32":0,"33":26,"34":26,"35":26,"36":0,"37":0,"38":5,"39":5,"40":5,"41":5,"42":5,"43":0,"44":0,"45":0,"46":0,"47":1,"48":1,"49":1,"50":1,"51":0,"52":1,"53":1,"54":1,"55":1,"56":0,"57":2,"58":1,"59":1,"60":1,"61":1,"62":1,"63":1,"64":1,"65":0,"66":1,"67":0,"68":0,"69":0,"70":5},"f":{"0":5,"1":0,"2":1,"3":1,"4":2,"5":27,"6":5},"b":{"0":[5,0],"1":[0,0],"2":[1,0],"3":[1,0],"4":[1,1],"5":[27,0],"6":[1,26],"7":[0,26],"8":[0,0],"9":[0,1,1,2,1],"10":[0,0],"11":[1,0],"12":[1,0],"13":[1,1],"14":[1,0],"15":[0,0]}}
,"C:\\Users\\kuhna\\OneDrive\\Desktop\\SIMgameFiles\\VisualStudio\\FrontendMonorepo\\backend\\src\\poseidon\\tool-sandbox.ts": {"path":"C:\\Users\\kuhna\\OneDrive\\Desktop\\SIMgameFiles\\VisualStudio\\FrontendMonorepo\\backend\\src\\poseidon\\tool-sandbox.ts","statementMap":{"0":{"start":{"line":25,"column":0},"end":{"line":25,"column":7}},"1":{"start":{"line":3,"column":0},"end":{"line":3,"column":24}},"2":{"start":{"line":4,"column":0},"end":{"line":4,"column":37}},"3":{"start":{"line":5,"column":0},"end":{"line":5,"column":33}},"4":{"start":{"line":7,"column":18},"end":{"line":7,"column":33}},"5":{"start":{"line":10,"column":22},"end":{"line":10,"column":34}},"6":{"start":{"line":13,"column":21},"end":{"line":13,"column":52}},"7":{"start":{"line":14,"column":4},"end":{"line":16,"column":5}},"8":{"start":{"line":15,"column":6},"end":{"line":15,"column":59}},"9":{"start":{"line":17,"column":4},"end":{"line":17,"column":20}},"10":{"start":{"line":21,"column":4},"end":{"line":21,"column":25}},"11":{"start":{"line":9,"column":0},"end":{"line":9,"column":13}},"12":{"start":{"line":27,"column":29},"end":{"line":27,"column":104}},"13":{"start":{"line":28,"column":2},"end":{"line":28,"column":25}}},"fnMap":{"0":{"name":"(anonymous_1)","decl":{"start":{"line":10,"column":2},"end":{"line":10,"column":22}},"loc":{"start":{"line":10,"column":34},"end":{"line":10,"column":38}}},"1":{"name":"(anonymous_2)","decl":{"start":{"line":12,"column":2},"end":{"line":12,"column":17}},"loc":{"start":{"line":12,"column":32},"end":{"line":18,"column":3}}},"2":{"name":"(anonymous_3)","decl":{"start":{"line":20,"column":2},"end":{"line":20,"column":7}},"loc":{"start":{"line":20,"column":63},"end":{"line":22,"column":3}}},"3":{"name":"generateDiff","decl":{"start":{"line":25,"column":22},"end":{"line":25,"column":34}},"loc":{"start":{"line":25,"column":63},"end":{"line":29,"column":1}}}},"branchMap":{"0":{"loc":{"start":{"line":14,"column":4},"end":{"line":16,"column":5}},"type":"if","locations":[{"start":{"line":14,"column":4},"end":{"line":16,"column":5}},{"start":{},"end":{}}]}},"s":{"0":9,"1":9,"2":9,"3":9,"4":9,"5":6,"6":8,"7":8,"8":0,"9":8,"10":0,"11":9,"12":0,"13":0},"f":{"0":6,"1":8,"2":0,"3":0},"b":{"0":[0,8]}}
,"C:\\Users\\kuhna\\OneDrive\\Desktop\\SIMgameFiles\\VisualStudio\\FrontendMonorepo\\backend\\src\\poseidon\\vector-db.ts": {"path":"C:\\Users\\kuhna\\OneDrive\\Desktop\\SIMgameFiles\\VisualStudio\\FrontendMonorepo\\backend\\src\\poseidon\\vector-db.ts","statementMap":{"0":{"start":{"line":11,"column":10},"end":{"line":11,"column":39}},"1":{"start":{"line":14,"column":4},"end":{"line":14,"column":30}},"2":{"start":{"line":20,"column":18},"end":{"line":20,"column":60}},"3":{"start":{"line":20,"column":42},"end":{"line":20,"column":56}},"4":{"start":{"line":21,"column":20},"end":{"line":21,"column":67}},"5":{"start":{"line":21,"column":51},"end":{"line":21,"column":62}},"6":{"start":{"line":22,"column":20},"end":{"line":22,"column":67}},"7":{"start":{"line":22,"column":51},"end":{"line":22,"column":62}},"8":{"start":{"line":23,"column":6},"end":{"line":23,"column":42}},"9":{"start":{"line":25,"column":4},"end":{"line":28,"column":22}},"10":{"start":{"line":26,"column":17},"end":{"line":26,"column":69}},"11":{"start":{"line":27,"column":22},"end":{"line":27,"column":39}},"12":{"start":{"line":32,"column":4},"end":{"line":32,"column":24}},"13":{"start":{"line":10,"column":0},"end":{"line":10,"column":13}}},"fnMap":{"0":{"name":"(anonymous_0)","decl":{"start":{"line":10,"column":0},"end":{"line":10,"column":13}},"loc":{"start":{"line":10,"column":0},"end":{"line":34,"column":1}}},"1":{"name":"(anonymous_1)","decl":{"start":{"line":13,"column":2},"end":{"line":13,"column":5}},"loc":{"start":{"line":13,"column":26},"end":{"line":15,"column":3}}},"2":{"name":"(anonymous_2)","decl":{"start":{"line":17,"column":2},"end":{"line":17,"column":8}},"loc":{"start":{"line":17,"column":43},"end":{"line":29,"column":3}}},"3":{"name":"cosine","decl":{"start":{"line":19,"column":13},"end":{"line":19,"column":19}},"loc":{"start":{"line":19,"column":44},"end":{"line":24,"column":5}}},"4":{"name":"(anonymous_4)","decl":{"start":{"line":20,"column":27},"end":{"line":20,"column":28}},"loc":{"start":{"line":20,"column":42},"end":{"line":20,"column":56}}},"5":{"name":"(anonymous_5)","decl":{"start":{"line":21,"column":39},"end":{"line":21,"column":40}},"loc":{"start":{"line":21,"column":51},"end":{"line":21,"column":62}}},"6":{"name":"(anonymous_6)","decl":{"start":{"line":22,"column":39},"end":{"line":22,"column":40}},"loc":{"start":{"line":22,"column":51},"end":{"line":22,"column":62}}},"7":{"name":"(anonymous_7)","decl":{"start":{"line":26,"column":11},"end":{"line":26,"column":12}},"loc":{"start":{"line":26,"column":17},"end":{"line":26,"column":69}}},"8":{"name":"(anonymous_8)","decl":{"start":{"line":27,"column":12},"end":{"line":27,"column":13}},"loc":{"start":{"line":27,"column":22},"end":{"line":27,"column":39}}},"9":{"name":"(anonymous_9)","decl":{"start":{"line":31,"column":2},"end":{"line":31,"column":8}},"loc":{"start":{"line":31,"column":8},"end":{"line":33,"column":3}}}},"branchMap":{"0":{"loc":{"start":{"line":17,"column":35},"end":{"line":17,"column":43}},"type":"default-arg","locations":[{"start":{"line":17,"column":42},"end":{"line":17,"column":43}}]}},"s":{"0":2,"1":186,"2":186,"3":71424,"4":186,"5":71424,"6":186,"7":71424,"8":186,"9":2,"10":186,"11":973,"12":0,"13":2},"f":{"0":2,"1":186,"2":2,"3":186,"4":71424,"5":71424,"6":71424,"7":186,"8":973,"9":0},"b":{"0":[0]}}
,"C:\\Users\\kuhna\\OneDrive\\Desktop\\SIMgameFiles\\VisualStudio\\FrontendMonorepo\\backend\\src\\routes\\analytics.ts": {"path":"C:\\Users\\kuhna\\OneDrive\\Desktop\\SIMgameFiles\\VisualStudio\\FrontendMonorepo\\backend\\src\\routes\\analytics.ts","statementMap":{"0":{"start":{"line":1,"column":0},"end":{"line":1,"column":30}},"1":{"start":{"line":2,"column":0},"end":{"line":2,"column":53}},"2":{"start":{"line":3,"column":0},"end":{"line":3,"column":52}},"3":{"start":{"line":5,"column":15},"end":{"line":5,"column":31}},"4":{"start":{"line":8,"column":0},"end":{"line":8,"column":70}},"5":{"start":{"line":9,"column":0},"end":{"line":9,"column":87}},"6":{"start":{"line":11,"column":0},"end":{"line":11,"column":22}}},"fnMap":{},"branchMap":{},"s":{"0":4,"1":4,"2":4,"3":4,"4":4,"5":4,"6":4},"f":{},"b":{}}
,"C:\\Users\\kuhna\\OneDrive\\Desktop\\SIMgameFiles\\VisualStudio\\FrontendMonorepo\\backend\\src\\routes\\audit.ts": {"path":"C:\\Users\\kuhna\\OneDrive\\Desktop\\SIMgameFiles\\VisualStudio\\FrontendMonorepo\\backend\\src\\routes\\audit.ts","statementMap":{"0":{"start":{"line":1,"column":0},"end":{"line":1,"column":30}},"1":{"start":{"line":2,"column":0},"end":{"line":2,"column":53}},"2":{"start":{"line":3,"column":0},"end":{"line":3,"column":52}},"3":{"start":{"line":5,"column":15},"end":{"line":5,"column":31}},"4":{"start":{"line":8,"column":0},"end":{"line":8,"column":58}},"5":{"start":{"line":9,"column":0},"end":{"line":9,"column":79}},"6":{"start":{"line":11,"column":0},"end":{"line":11,"column":22}}},"fnMap":{},"branchMap":{},"s":{"0":4,"1":4,"2":4,"3":4,"4":4,"5":4,"6":4},"f":{},"b":{}}
,"C:\\Users\\kuhna\\OneDrive\\Desktop\\SIMgameFiles\\VisualStudio\\FrontendMonorepo\\backend\\src\\routes\\auth.ts": {"path":"C:\\Users\\kuhna\\OneDrive\\Desktop\\SIMgameFiles\\VisualStudio\\FrontendMonorepo\\backend\\src\\routes\\auth.ts","statementMap":{"0":{"start":{"line":1,"column":0},"end":{"line":1,"column":30}},"1":{"start":{"line":2,"column":0},"end":{"line":2,"column":30}},"2":{"start":{"line":3,"column":0},"end":{"line":3,"column":31}},"3":{"start":{"line":5,"column":15},"end":{"line":5,"column":31}},"4":{"start":{"line":9,"column":14},"end":{"line":11,"column":2}},"5":{"start":{"line":13,"column":0},"end":{"line":21,"column":3}},"6":{"start":{"line":14,"column":33},"end":{"line":14,"column":41}},"7":{"start":{"line":15,"column":15},"end":{"line":15,"column":55}},"8":{"start":{"line":15,"column":31},"end":{"line":15,"column":54}},"9":{"start":{"line":16,"column":2},"end":{"line":16,"column":77}},"10":{"start":{"line":16,"column":13},"end":{"line":16,"column":77}},"11":{"start":{"line":17,"column":16},"end":{"line":17,"column":61}},"12":{"start":{"line":18,"column":2},"end":{"line":18,"column":78}},"13":{"start":{"line":18,"column":14},"end":{"line":18,"column":78}},"14":{"start":{"line":19,"column":16},"end":{"line":19,"column":113}},"15":{"start":{"line":20,"column":2},"end":{"line":20,"column":22}},"16":{"start":{"line":23,"column":0},"end":{"line":23,"column":22}}},"fnMap":{"0":{"name":"(anonymous_1)","decl":{"start":{"line":13,"column":22},"end":{"line":13,"column":27}},"loc":{"start":{"line":13,"column":41},"end":{"line":21,"column":1}}},"1":{"name":"(anonymous_2)","decl":{"start":{"line":15,"column":26},"end":{"line":15,"column":27}},"loc":{"start":{"line":15,"column":31},"end":{"line":15,"column":54}}}},"branchMap":{"0":{"loc":{"start":{"line":16,"column":2},"end":{"line":16,"column":77}},"type":"if","locations":[{"start":{"line":16,"column":2},"end":{"line":16,"column":77}},{"start":{},"end":{}}]},"1":{"loc":{"start":{"line":18,"column":2},"end":{"line":18,"column":78}},"type":"if","locations":[{"start":{"line":18,"column":2},"end":{"line":18,"column":78}},{"start":{},"end":{}}]}},"s":{"0":4,"1":4,"2":4,"3":4,"4":4,"5":4,"6":4,"7":4,"8":4,"9":4,"10":0,"11":4,"12":4,"13":0,"14":4,"15":4,"16":4},"f":{"0":4,"1":4},"b":{"0":[0,4],"1":[0,4]}}
,"C:\\Users\\kuhna\\OneDrive\\Desktop\\SIMgameFiles\\VisualStudio\\FrontendMonorepo\\backend\\src\\routes\\events.ts": {"path":"C:\\Users\\kuhna\\OneDrive\\Desktop\\SIMgameFiles\\VisualStudio\\FrontendMonorepo\\backend\\src\\routes\\events.ts","statementMap":{"0":{"start":{"line":1,"column":0},"end":{"line":1,"column":30}},"1":{"start":{"line":2,"column":0},"end":{"line":2,"column":53}},"2":{"start":{"line":3,"column":0},"end":{"line":3,"column":52}},"3":{"start":{"line":5,"column":15},"end":{"line":5,"column":31}},"4":{"start":{"line":9,"column":0},"end":{"line":9,"column":69}},"5":{"start":{"line":10,"column":0},"end":{"line":10,"column":85}},"6":{"start":{"line":12,"column":0},"end":{"line":12,"column":79}},"7":{"start":{"line":14,"column":0},"end":{"line":14,"column":22}}},"fnMap":{},"branchMap":{},"s":{"0":4,"1":4,"2":4,"3":4,"4":4,"5":4,"6":4,"7":4},"f":{},"b":{}}
,"C:\\Users\\kuhna\\OneDrive\\Desktop\\SIMgameFiles\\VisualStudio\\FrontendMonorepo\\backend\\src\\routes\\health.ts": {"path":"C:\\Users\\kuhna\\OneDrive\\Desktop\\SIMgameFiles\\VisualStudio\\FrontendMonorepo\\backend\\src\\routes\\health.ts","statementMap":{"0":{"start":{"line":1,"column":0},"end":{"line":1,"column":33}},"1":{"start":{"line":2,"column":15},"end":{"line":2,"column":23}},"2":{"start":{"line":5,"column":0},"end":{"line":5,"column":77}},"3":{"start":{"line":5,"column":37},"end":{"line":5,"column":75}},"4":{"start":{"line":7,"column":0},"end":{"line":7,"column":22}}},"fnMap":{"0":{"name":"(anonymous_0)","decl":{"start":{"line":5,"column":23},"end":{"line":5,"column":24}},"loc":{"start":{"line":5,"column":37},"end":{"line":5,"column":75}}}},"branchMap":{},"s":{"0":4,"1":4,"2":4,"3":0,"4":4},"f":{"0":0},"b":{}}
,"C:\\Users\\kuhna\\OneDrive\\Desktop\\SIMgameFiles\\VisualStudio\\FrontendMonorepo\\backend\\src\\routes\\systemHealth.ts": {"path":"C:\\Users\\kuhna\\OneDrive\\Desktop\\SIMgameFiles\\VisualStudio\\FrontendMonorepo\\backend\\src\\routes\\systemHealth.ts","statementMap":{"0":{"start":{"line":1,"column":0},"end":{"line":1,"column":33}},"1":{"start":{"line":2,"column":15},"end":{"line":2,"column":23}},"2":{"start":{"line":5,"column":0},"end":{"line":12,"column":3}},"3":{"start":{"line":6,"column":2},"end":{"line":11,"column":5}},"4":{"start":{"line":14,"column":0},"end":{"line":14,"column":22}}},"fnMap":{"0":{"name":"(anonymous_0)","decl":{"start":{"line":5,"column":29},"end":{"line":5,"column":30}},"loc":{"start":{"line":5,"column":42},"end":{"line":12,"column":1}}}},"branchMap":{},"s":{"0":4,"1":4,"2":4,"3":0,"4":4},"f":{"0":0},"b":{}}
,"C:\\Users\\kuhna\\OneDrive\\Desktop\\SIMgameFiles\\VisualStudio\\FrontendMonorepo\\backend\\src\\routes\\users.ts": {"path":"C:\\Users\\kuhna\\OneDrive\\Desktop\\SIMgameFiles\\VisualStudio\\FrontendMonorepo\\backend\\src\\routes\\users.ts","statementMap":{"0":{"start":{"line":1,"column":0},"end":{"line":1,"column":30}},"1":{"start":{"line":2,"column":0},"end":{"line":2,"column":53}},"2":{"start":{"line":3,"column":0},"end":{"line":3,"column":52}},"3":{"start":{"line":5,"column":15},"end":{"line":5,"column":31}},"4":{"start":{"line":8,"column":0},"end":{"line":8,"column":57}},"5":{"start":{"line":9,"column":0},"end":{"line":9,"column":68}},"6":{"start":{"line":11,"column":0},"end":{"line":11,"column":22}}},"fnMap":{},"branchMap":{},"s":{"0":4,"1":4,"2":4,"3":4,"4":4,"5":4,"6":4},"f":{},"b":{}}
,"C:\\Users\\kuhna\\OneDrive\\Desktop\\SIMgameFiles\\VisualStudio\\FrontendMonorepo\\backend\\src\\utils\\csvExport.ts": {"path":"C:\\Users\\kuhna\\OneDrive\\Desktop\\SIMgameFiles\\VisualStudio\\FrontendMonorepo\\backend\\src\\utils\\csvExport.ts","statementMap":{"0":{"start":{"line":3,"column":0},"end":{"line":3,"column":16}},"1":{"start":{"line":1,"column":0},"end":{"line":1,"column":34}},"2":{"start":{"line":4,"column":15},"end":{"line":4,"column":39}},"3":{"start":{"line":5,"column":17},"end":{"line":5,"column":33}},"4":{"start":{"line":6,"column":2},"end":{"line":6,"column":28}}},"fnMap":{"0":{"name":"toCSV","decl":{"start":{"line":3,"column":16},"end":{"line":3,"column":21}},"loc":{"start":{"line":3,"column":72},"end":{"line":7,"column":1}}}},"branchMap":{"0":{"loc":{"start":{"line":4,"column":15},"end":{"line":4,"column":39}},"type":"cond-expr","locations":[{"start":{"line":4,"column":24},"end":{"line":4,"column":34}},{"start":{"line":4,"column":37},"end":{"line":4,"column":39}}]}},"s":{"0":4,"1":4,"2":0,"3":0,"4":0},"f":{"0":0},"b":{"0":[0,0]}}
,"C:\\Users\\kuhna\\OneDrive\\Desktop\\SIMgameFiles\\VisualStudio\\FrontendMonorepo\\backend\\src\\utils\\logger.ts": {"path":"C:\\Users\\kuhna\\OneDrive\\Desktop\\SIMgameFiles\\VisualStudio\\FrontendMonorepo\\backend\\src\\utils\\logger.ts","statementMap":{"0":{"start":{"line":1,"column":0},"end":{"line":1,"column":24}},"1":{"start":{"line":3,"column":15},"end":{"line":5,"column":2}},"2":{"start":{"line":7,"column":0},"end":{"line":7,"column":22}}},"fnMap":{},"branchMap":{"0":{"loc":{"start":{"line":4,"column":9},"end":{"line":4,"column":40}},"type":"binary-expr","locations":[{"start":{"line":4,"column":9},"end":{"line":4,"column":30}},{"start":{"line":4,"column":34},"end":{"line":4,"column":40}}]}},"s":{"0":4,"1":4,"2":4},"f":{},"b":{"0":[4,4]}}
,"C:\\Users\\kuhna\\OneDrive\\Desktop\\SIMgameFiles\\VisualStudio\\FrontendMonorepo\\backend\\src\\utils\\validate.ts": {"path":"C:\\Users\\kuhna\\OneDrive\\Desktop\\SIMgameFiles\\VisualStudio\\FrontendMonorepo\\backend\\src\\utils\\validate.ts","statementMap":{"0":{"start":{"line":1,"column":0},"end":{"line":1,"column":24}},"1":{"start":{"line":3,"column":13},"end":{"line":7,"column":3}},"2":{"start":{"line":9,"column":13},"end":{"line":13,"column":3}}},"fnMap":{},"branchMap":{},"s":{"0":4,"1":4,"2":4},"f":{},"b":{}}
}
